<?xml version="1.0" encoding="UTF-8"?><testrun name="java" project="bookservice" tests="55" started="55" failures="2" errors="0" ignored="0">
  <testsuite name="com.bookservice.controller.LoginControllerTest" time="1.386" displayname="LoginControllerTest" uniqueid="[engine:junit-jupiter]/[class:com.bookservice.controller.LoginControllerTest]">
    <testcase name="testAuthenticateAuthorSignInSuccess" classname="com.bookservice.controller.LoginControllerTest" time="1.348" displayname="testAuthenticateAuthorSignInSuccess()" uniqueid="[engine:junit-jupiter]/[class:com.bookservice.controller.LoginControllerTest]/[method:testAuthenticateAuthorSignInSuccess()]"/>
    <testcase name="testSignoutAuthorFailByNotLoggedIn" classname="com.bookservice.controller.LoginControllerTest" time="0.003" displayname="testSignoutAuthorFailByNotLoggedIn()" uniqueid="[engine:junit-jupiter]/[class:com.bookservice.controller.LoginControllerTest]/[method:testSignoutAuthorFailByNotLoggedIn()]"/>
    <testcase name="testSignoutAuthor" classname="com.bookservice.controller.LoginControllerTest" time="0.003" displayname="testSignoutAuthor()" uniqueid="[engine:junit-jupiter]/[class:com.bookservice.controller.LoginControllerTest]/[method:testSignoutAuthor()]"/>
    <testcase name="testSignupAuthorFailByAuthorEmailExists" classname="com.bookservice.controller.LoginControllerTest" time="0.003" displayname="testSignupAuthorFailByAuthorEmailExists()" uniqueid="[engine:junit-jupiter]/[class:com.bookservice.controller.LoginControllerTest]/[method:testSignupAuthorFailByAuthorEmailExists()]"/>
    <testcase name="testSignupAuthorFailByAuthorNameExists" classname="com.bookservice.controller.LoginControllerTest" time="0.003" displayname="testSignupAuthorFailByAuthorNameExists()" uniqueid="[engine:junit-jupiter]/[class:com.bookservice.controller.LoginControllerTest]/[method:testSignupAuthorFailByAuthorNameExists()]"/>
    <testcase name="testSignoutAuthorFailByAuthorNotExists" classname="com.bookservice.controller.LoginControllerTest" time="0.002" displayname="testSignoutAuthorFailByAuthorNotExists()" uniqueid="[engine:junit-jupiter]/[class:com.bookservice.controller.LoginControllerTest]/[method:testSignoutAuthorFailByAuthorNotExists()]"/>
    <testcase name="testSignupAuthorSuccess" classname="com.bookservice.controller.LoginControllerTest" time="0.006" displayname="testSignupAuthorSuccess()" uniqueid="[engine:junit-jupiter]/[class:com.bookservice.controller.LoginControllerTest]/[method:testSignupAuthorSuccess()]"/>
    <testcase name="testAuthenticateAuthorFailByInvalidPassword" classname="com.bookservice.controller.LoginControllerTest" time="0.007" displayname="testAuthenticateAuthorFailByInvalidPassword()" uniqueid="[engine:junit-jupiter]/[class:com.bookservice.controller.LoginControllerTest]/[method:testAuthenticateAuthorFailByInvalidPassword()]"/>
    <testcase name="testAuthenticateAuthorFailByWrongAuthorName" classname="com.bookservice.controller.LoginControllerTest" time="0.003" displayname="testAuthenticateAuthorFailByWrongAuthorName()" uniqueid="[engine:junit-jupiter]/[class:com.bookservice.controller.LoginControllerTest]/[method:testAuthenticateAuthorFailByWrongAuthorName()]"/>
    <testcase name="testAuthenticateAuthorFailByAuthorNameNotExists" classname="com.bookservice.controller.LoginControllerTest" time="0.008" displayname="testAuthenticateAuthorFailByAuthorNameNotExists()" uniqueid="[engine:junit-jupiter]/[class:com.bookservice.controller.LoginControllerTest]/[method:testAuthenticateAuthorFailByAuthorNameNotExists()]"/>
  </testsuite>
  <testsuite name="com.bookservice.controller.BookControllerTest" time="0.101" displayname="BookControllerTest" uniqueid="[engine:junit-jupiter]/[class:com.bookservice.controller.BookControllerTest]">
    <testcase name="testCreateBookFailByInvalidAuthor" classname="com.bookservice.controller.BookControllerTest" time="0.071" displayname="testCreateBookFailByInvalidAuthor()" uniqueid="[engine:junit-jupiter]/[class:com.bookservice.controller.BookControllerTest]/[method:testCreateBookFailByInvalidAuthor()]"/>
    <testcase name="testGetAllBooks" classname="com.bookservice.controller.BookControllerTest" time="0.002" displayname="testGetAllBooks()" uniqueid="[engine:junit-jupiter]/[class:com.bookservice.controller.BookControllerTest]/[method:testGetAllBooks()]"/>
    <testcase name="testGetBooksByAuthorId" classname="com.bookservice.controller.BookControllerTest" time="0.002" displayname="testGetBooksByAuthorId()" uniqueid="[engine:junit-jupiter]/[class:com.bookservice.controller.BookControllerTest]/[method:testGetBooksByAuthorId()]"/>
    <testcase name="testUpdateBookSuccess" classname="com.bookservice.controller.BookControllerTest" time="0.003" displayname="testUpdateBookSuccess()" uniqueid="[engine:junit-jupiter]/[class:com.bookservice.controller.BookControllerTest]/[method:testUpdateBookSuccess()]"/>
    <testcase name="testUpdateBookFailByNotLoggedIn" classname="com.bookservice.controller.BookControllerTest" time="0.003" displayname="testUpdateBookFailByNotLoggedIn()" uniqueid="[engine:junit-jupiter]/[class:com.bookservice.controller.BookControllerTest]/[method:testUpdateBookFailByNotLoggedIn()]"/>
    <testcase name="testUpdateBookFailByInvalidBook" classname="com.bookservice.controller.BookControllerTest" time="0.003" displayname="testUpdateBookFailByInvalidBook()" uniqueid="[engine:junit-jupiter]/[class:com.bookservice.controller.BookControllerTest]/[method:testUpdateBookFailByInvalidBook()]"/>
    <testcase name="testCreateBookSuccess" classname="com.bookservice.controller.BookControllerTest" time="0.002" displayname="testCreateBookSuccess()" uniqueid="[engine:junit-jupiter]/[class:com.bookservice.controller.BookControllerTest]/[method:testCreateBookSuccess()]"/>
    <testcase name="testSearchBookNonEmptyFields" classname="com.bookservice.controller.BookControllerTest" time="0.004" displayname="testSearchBookNonEmptyFields()" uniqueid="[engine:junit-jupiter]/[class:com.bookservice.controller.BookControllerTest]/[method:testSearchBookNonEmptyFields()]"/>
    <testcase name="testCreateBookFailByNotLoggedIn" classname="com.bookservice.controller.BookControllerTest" time="0.002" displayname="testCreateBookFailByNotLoggedIn()" uniqueid="[engine:junit-jupiter]/[class:com.bookservice.controller.BookControllerTest]/[method:testCreateBookFailByNotLoggedIn()]"/>
    <testcase name="testUpdateBookFailByInvalidAuthor" classname="com.bookservice.controller.BookControllerTest" time="0.003" displayname="testUpdateBookFailByInvalidAuthor()" uniqueid="[engine:junit-jupiter]/[class:com.bookservice.controller.BookControllerTest]/[method:testUpdateBookFailByInvalidAuthor()]"/>
    <testcase name="testSearchBookByEmptyFields" classname="com.bookservice.controller.BookControllerTest" time="0.005" displayname="testSearchBookByEmptyFields()" uniqueid="[engine:junit-jupiter]/[class:com.bookservice.controller.BookControllerTest]/[method:testSearchBookByEmptyFields()]"/>
  </testsuite>
  <testsuite name="com.bookservice.controller.ReaderControllerTest" time="9.225" displayname="ReaderControllerTest" uniqueid="[engine:junit-jupiter]/[class:com.bookservice.controller.ReaderControllerTest]">
    <testcase name="testBuyBookFailByExistingReaderOrEmail" classname="com.bookservice.controller.ReaderControllerTest" time="0.063" displayname="testBuyBookFailByExistingReaderOrEmail()" uniqueid="[engine:junit-jupiter]/[class:com.bookservice.controller.ReaderControllerTest]/[method:testBuyBookFailByExistingReaderOrEmail()]"/>
    <testcase name="testGetBookByPaymentIdFailByInvalidPaymentId" classname="com.bookservice.controller.ReaderControllerTest" time="0.003" displayname="testGetBookByPaymentIdFailByInvalidPaymentId()" uniqueid="[engine:junit-jupiter]/[class:com.bookservice.controller.ReaderControllerTest]/[method:testGetBookByPaymentIdFailByInvalidPaymentId()]"/>
    <testcase name="testGetBookContentInvalidReader1" classname="com.bookservice.controller.ReaderControllerTest" time="0.003" displayname="testGetBookContentInvalidReader1()" uniqueid="[engine:junit-jupiter]/[class:com.bookservice.controller.ReaderControllerTest]/[method:testGetBookContentInvalidReader1()]"/>
    <testcase name="testBuyBookSuccessByNewReader" classname="com.bookservice.controller.ReaderControllerTest" time="0.003" displayname="testBuyBookSuccessByNewReader()" uniqueid="[engine:junit-jupiter]/[class:com.bookservice.controller.ReaderControllerTest]/[method:testBuyBookSuccessByNewReader()]"/>
    <testcase name="testGetBookByPaymentIdFailByInvalidEmail" classname="com.bookservice.controller.ReaderControllerTest" time="0.003" displayname="testGetBookByPaymentIdFailByInvalidEmail()" uniqueid="[engine:junit-jupiter]/[class:com.bookservice.controller.ReaderControllerTest]/[method:testGetBookByPaymentIdFailByInvalidEmail()]"/>
    <testcase name="testGetBookByPaymentIdSuccess" classname="com.bookservice.controller.ReaderControllerTest" time="0.002" displayname="testGetBookByPaymentIdSuccess()" uniqueid="[engine:junit-jupiter]/[class:com.bookservice.controller.ReaderControllerTest]/[method:testGetBookByPaymentIdSuccess()]"/>
    <testcase name="testGetRefundBookByBookIdFailByNotPurchased" classname="com.bookservice.controller.ReaderControllerTest" time="0.002" displayname="testGetRefundBookByBookIdFailByNotPurchased()" uniqueid="[engine:junit-jupiter]/[class:com.bookservice.controller.ReaderControllerTest]/[method:testGetRefundBookByBookIdFailByNotPurchased()]"/>
    <testcase name="testGetPurchasedBooks" classname="com.bookservice.controller.ReaderControllerTest" time="0.003" displayname="testGetPurchasedBooks()" uniqueid="[engine:junit-jupiter]/[class:com.bookservice.controller.ReaderControllerTest]/[method:testGetPurchasedBooks()]"/>
    <testcase name="testBuyBookFailByBookAlreadyPurchased" classname="com.bookservice.controller.ReaderControllerTest" time="0.002" displayname="testBuyBookFailByBookAlreadyPurchased()" uniqueid="[engine:junit-jupiter]/[class:com.bookservice.controller.ReaderControllerTest]/[method:testBuyBookFailByBookAlreadyPurchased()]"/>
    <testcase name="testBuyBookFailByInvalidBook" classname="com.bookservice.controller.ReaderControllerTest" time="0.002" displayname="testBuyBookFailByInvalidBook()" uniqueid="[engine:junit-jupiter]/[class:com.bookservice.controller.ReaderControllerTest]/[method:testBuyBookFailByInvalidBook()]"/>
    <testcase name="testGetPurchasedBooksFailByInvalidMail" classname="com.bookservice.controller.ReaderControllerTest" time="0.002" displayname="testGetPurchasedBooksFailByInvalidMail()" uniqueid="[engine:junit-jupiter]/[class:com.bookservice.controller.ReaderControllerTest]/[method:testGetPurchasedBooksFailByInvalidMail()]"/>
    <testcase name="testGetBookContentInvalidEmail" classname="com.bookservice.controller.ReaderControllerTest" time="0.003" displayname="testGetBookContentInvalidEmail()" uniqueid="[engine:junit-jupiter]/[class:com.bookservice.controller.ReaderControllerTest]/[method:testGetBookContentInvalidEmail()]"/>
    <testcase name="testGetBookContentSuccess" classname="com.bookservice.controller.ReaderControllerTest" time="0.004" displayname="testGetBookContentSuccess()" uniqueid="[engine:junit-jupiter]/[class:com.bookservice.controller.ReaderControllerTest]/[method:testGetBookContentSuccess()]"/>
    <testcase name="testGetRefundBookByBookIdFailByInvalidEmai" classname="com.bookservice.controller.ReaderControllerTest" time="0.002" displayname="testGetRefundBookByBookIdFailByInvalidEmai()" uniqueid="[engine:junit-jupiter]/[class:com.bookservice.controller.ReaderControllerTest]/[method:testGetRefundBookByBookIdFailByInvalidEmai()]"/>
    <testcase name="testGetBookContentFailByInvalidReader" classname="com.bookservice.controller.ReaderControllerTest" time="0.003" displayname="testGetBookContentFailByInvalidReader()" uniqueid="[engine:junit-jupiter]/[class:com.bookservice.controller.ReaderControllerTest]/[method:testGetBookContentFailByInvalidReader()]"/>
    <testcase name="testGetPurchasedBooksForZeroBooks" classname="com.bookservice.controller.ReaderControllerTest" time="0.003" displayname="testGetPurchasedBooksForZeroBooks()" uniqueid="[engine:junit-jupiter]/[class:com.bookservice.controller.ReaderControllerTest]/[method:testGetPurchasedBooksForZeroBooks()]"/>
    <testcase name="testGetRefundBookByBookId" classname="com.bookservice.controller.ReaderControllerTest" time="0.004" displayname="testGetRefundBookByBookId()" uniqueid="[engine:junit-jupiter]/[class:com.bookservice.controller.ReaderControllerTest]/[method:testGetRefundBookByBookId()]"/>
    <testcase name="testBuyBooksSuccessByExistingReader" classname="com.bookservice.controller.ReaderControllerTest" time="9.118" displayname="testBuyBooksSuccessByExistingReader()" uniqueid="[engine:junit-jupiter]/[class:com.bookservice.controller.ReaderControllerTest]/[method:testBuyBooksSuccessByExistingReader()]"/>
  </testsuite>
  <testsuite name="com.bookservice.BookserviceApplicationTests" time="0.026" displayname="BookserviceApplicationTests" uniqueid="[engine:junit-jupiter]/[class:com.bookservice.BookserviceApplicationTests]">
    <testcase name="contextLoads" classname="com.bookservice.BookserviceApplicationTests" time="0.026" displayname="contextLoads()" uniqueid="[engine:junit-jupiter]/[class:com.bookservice.BookserviceApplicationTests]/[method:contextLoads()]"/>
  </testsuite>
  <testsuite name="com.bookservice.entity.ReaderTest" time="0.006" displayname="ReaderTest" uniqueid="[engine:junit-jupiter]/[class:com.bookservice.entity.ReaderTest]">
    <testcase name="testToString" classname="com.bookservice.entity.ReaderTest" time="0.003" displayname="testToString()" uniqueid="[engine:junit-jupiter]/[class:com.bookservice.entity.ReaderTest]/[method:testToString()]"/>
    <testcase name="testEqualsObject" classname="com.bookservice.entity.ReaderTest" time="0.002" displayname="testEqualsObject()" uniqueid="[engine:junit-jupiter]/[class:com.bookservice.entity.ReaderTest]/[method:testEqualsObject()]"/>
    <testcase name="testHashCode" classname="com.bookservice.entity.ReaderTest" time="0.001" displayname="testHashCode()" uniqueid="[engine:junit-jupiter]/[class:com.bookservice.entity.ReaderTest]/[method:testHashCode()]"/>
  </testsuite>
  <testsuite name="com.bookservice.entity.BookTest" time="0.002" displayname="BookTest" uniqueid="[engine:junit-jupiter]/[class:com.bookservice.entity.BookTest]">
    <testcase name="testToString" classname="com.bookservice.entity.BookTest" time="0.001" displayname="testToString()" uniqueid="[engine:junit-jupiter]/[class:com.bookservice.entity.BookTest]/[method:testToString()]"/>
    <testcase name="testEqualsObject" classname="com.bookservice.entity.BookTest" time="0.0" displayname="testEqualsObject()" uniqueid="[engine:junit-jupiter]/[class:com.bookservice.entity.BookTest]/[method:testEqualsObject()]"/>
    <testcase name="testHashCode" classname="com.bookservice.entity.BookTest" time="0.001" displayname="testHashCode()" uniqueid="[engine:junit-jupiter]/[class:com.bookservice.entity.BookTest]/[method:testHashCode()]"/>
  </testsuite>
  <testsuite name="com.bookservice.entity.AuthorTest" time="0.003" displayname="AuthorTest" uniqueid="[engine:junit-jupiter]/[class:com.bookservice.entity.AuthorTest]">
    <testcase name="testToString" classname="com.bookservice.entity.AuthorTest" time="0.001" displayname="testToString()" uniqueid="[engine:junit-jupiter]/[class:com.bookservice.entity.AuthorTest]/[method:testToString()]"/>
    <testcase name="testEqualsObject" classname="com.bookservice.entity.AuthorTest" time="0.001" displayname="testEqualsObject()" uniqueid="[engine:junit-jupiter]/[class:com.bookservice.entity.AuthorTest]/[method:testEqualsObject()]"/>
    <testcase name="testHashCode" classname="com.bookservice.entity.AuthorTest" time="0.001" displayname="testHashCode()" uniqueid="[engine:junit-jupiter]/[class:com.bookservice.entity.AuthorTest]/[method:testHashCode()]"/>
  </testsuite>
  <testsuite name="com.bookservice.request.BuyBookRequestTest" time="0.003" displayname="BuyBookRequestTest" uniqueid="[engine:junit-jupiter]/[class:com.bookservice.request.BuyBookRequestTest]">
    <testcase name="testToString" classname="com.bookservice.request.BuyBookRequestTest" time="0.001" displayname="testToString()" uniqueid="[engine:junit-jupiter]/[class:com.bookservice.request.BuyBookRequestTest]/[method:testToString()]"/>
    <testcase name="testEqualsObject" classname="com.bookservice.request.BuyBookRequestTest" time="0.0" displayname="testEqualsObject()" uniqueid="[engine:junit-jupiter]/[class:com.bookservice.request.BuyBookRequestTest]/[method:testEqualsObject()]"/>
    <testcase name="testHashCode" classname="com.bookservice.request.BuyBookRequestTest" time="0.002" displayname="testHashCode()" uniqueid="[engine:junit-jupiter]/[class:com.bookservice.request.BuyBookRequestTest]/[method:testHashCode()]"/>
  </testsuite>
  <testsuite name="com.bookservice.request.LoginRequestTest" time="0.015" displayname="LoginRequestTest" uniqueid="[engine:junit-jupiter]/[class:com.bookservice.request.LoginRequestTest]">
    <testcase name="testToString" classname="com.bookservice.request.LoginRequestTest" time="0.001" displayname="testToString()" uniqueid="[engine:junit-jupiter]/[class:com.bookservice.request.LoginRequestTest]/[method:testToString()]"/>
    <testcase name="testEqualsObject" classname="com.bookservice.request.LoginRequestTest" time="0.012" displayname="testEqualsObject()" uniqueid="[engine:junit-jupiter]/[class:com.bookservice.request.LoginRequestTest]/[method:testEqualsObject()]">
      <failure>
        <expected>false</expected>
        <actual>true</actual>
        org.opentest4j.AssertionFailedError: expected: &lt;false&gt; but was: &lt;true&gt;&#13;
	at org.junit.jupiter.api.AssertionUtils.fail(AssertionUtils.java:55)&#13;
	at org.junit.jupiter.api.AssertFalse.assertFalse(AssertFalse.java:40)&#13;
	at org.junit.jupiter.api.AssertFalse.assertFalse(AssertFalse.java:35)&#13;
	at org.junit.jupiter.api.Assertions.assertFalse(Assertions.java:227)&#13;
	at com.bookservice.request.LoginRequestTest.testEqualsObject(LoginRequestTest.java:35)&#13;
	at java.base/jdk.internal.reflect.NativeMethodAccessorImpl.invoke0(Native Method)&#13;
	at java.base/jdk.internal.reflect.NativeMethodAccessorImpl.invoke(NativeMethodAccessorImpl.java:62)&#13;
	at java.base/jdk.internal.reflect.DelegatingMethodAccessorImpl.invoke(DelegatingMethodAccessorImpl.java:43)&#13;
	at java.base/java.lang.reflect.Method.invoke(Method.java:566)&#13;
	at org.junit.platform.commons.util.ReflectionUtils.invokeMethod(ReflectionUtils.java:725)&#13;
	at org.junit.jupiter.engine.execution.MethodInvocation.proceed(MethodInvocation.java:60)&#13;
	at org.junit.jupiter.engine.execution.InvocationInterceptorChain$ValidatingInvocation.proceed(InvocationInterceptorChain.java:131)&#13;
	at org.junit.jupiter.engine.extension.TimeoutExtension.intercept(TimeoutExtension.java:149)&#13;
	at org.junit.jupiter.engine.extension.TimeoutExtension.interceptTestableMethod(TimeoutExtension.java:140)&#13;
	at org.junit.jupiter.engine.extension.TimeoutExtension.interceptTestMethod(TimeoutExtension.java:84)&#13;
	at org.junit.jupiter.engine.execution.ExecutableInvoker$ReflectiveInterceptorCall.lambda$ofVoidMethod$0(ExecutableInvoker.java:115)&#13;
	at org.junit.jupiter.engine.execution.ExecutableInvoker.lambda$invoke$0(ExecutableInvoker.java:105)&#13;
	at org.junit.jupiter.engine.execution.InvocationInterceptorChain$InterceptedInvocation.proceed(InvocationInterceptorChain.java:106)&#13;
	at org.junit.jupiter.engine.execution.InvocationInterceptorChain.proceed(InvocationInterceptorChain.java:64)&#13;
	at org.junit.jupiter.engine.execution.InvocationInterceptorChain.chainAndInvoke(InvocationInterceptorChain.java:45)&#13;
	at org.junit.jupiter.engine.execution.InvocationInterceptorChain.invoke(InvocationInterceptorChain.java:37)&#13;
	at org.junit.jupiter.engine.execution.ExecutableInvoker.invoke(ExecutableInvoker.java:104)&#13;
	at org.junit.jupiter.engine.execution.ExecutableInvoker.invoke(ExecutableInvoker.java:98)&#13;
	at org.junit.jupiter.engine.descriptor.TestMethodTestDescriptor.lambda$invokeTestMethod$7(TestMethodTestDescriptor.java:214)&#13;
	at org.junit.platform.engine.support.hierarchical.ThrowableCollector.execute(ThrowableCollector.java:73)&#13;
	at org.junit.jupiter.engine.descriptor.TestMethodTestDescriptor.invokeTestMethod(TestMethodTestDescriptor.java:210)&#13;
	at org.junit.jupiter.engine.descriptor.TestMethodTestDescriptor.execute(TestMethodTestDescriptor.java:135)&#13;
	at org.junit.jupiter.engine.descriptor.TestMethodTestDescriptor.execute(TestMethodTestDescriptor.java:66)&#13;
	at org.junit.platform.engine.support.hierarchical.NodeTestTask.lambda$executeRecursively$6(NodeTestTask.java:151)&#13;
	at org.junit.platform.engine.support.hierarchical.ThrowableCollector.execute(ThrowableCollector.java:73)&#13;
	at org.junit.platform.engine.support.hierarchical.NodeTestTask.lambda$executeRecursively$8(NodeTestTask.java:141)&#13;
	at org.junit.platform.engine.support.hierarchical.Node.around(Node.java:137)&#13;
	at org.junit.platform.engine.support.hierarchical.NodeTestTask.lambda$executeRecursively$9(NodeTestTask.java:139)&#13;
	at org.junit.platform.engine.support.hierarchical.ThrowableCollector.execute(ThrowableCollector.java:73)&#13;
	at org.junit.platform.engine.support.hierarchical.NodeTestTask.executeRecursively(NodeTestTask.java:138)&#13;
	at org.junit.platform.engine.support.hierarchical.NodeTestTask.execute(NodeTestTask.java:95)&#13;
	at java.base/java.util.ArrayList.forEach(ArrayList.java:1541)&#13;
	at org.junit.platform.engine.support.hierarchical.SameThreadHierarchicalTestExecutorService.invokeAll(SameThreadHierarchicalTestExecutorService.java:41)&#13;
	at org.junit.platform.engine.support.hierarchical.NodeTestTask.lambda$executeRecursively$6(NodeTestTask.java:155)&#13;
	at org.junit.platform.engine.support.hierarchical.ThrowableCollector.execute(ThrowableCollector.java:73)&#13;
	at org.junit.platform.engine.support.hierarchical.NodeTestTask.lambda$executeRecursively$8(NodeTestTask.java:141)&#13;
	at org.junit.platform.engine.support.hierarchical.Node.around(Node.java:137)&#13;
	at org.junit.platform.engine.support.hierarchical.NodeTestTask.lambda$executeRecursively$9(NodeTestTask.java:139)&#13;
	at org.junit.platform.engine.support.hierarchical.ThrowableCollector.execute(ThrowableCollector.java:73)&#13;
	at org.junit.platform.engine.support.hierarchical.NodeTestTask.executeRecursively(NodeTestTask.java:138)&#13;
	at org.junit.platform.engine.support.hierarchical.NodeTestTask.execute(NodeTestTask.java:95)&#13;
	at java.base/java.util.ArrayList.forEach(ArrayList.java:1541)&#13;
	at org.junit.platform.engine.support.hierarchical.SameThreadHierarchicalTestExecutorService.invokeAll(SameThreadHierarchicalTestExecutorService.java:41)&#13;
	at org.junit.platform.engine.support.hierarchical.NodeTestTask.lambda$executeRecursively$6(NodeTestTask.java:155)&#13;
	at org.junit.platform.engine.support.hierarchical.ThrowableCollector.execute(ThrowableCollector.java:73)&#13;
	at org.junit.platform.engine.support.hierarchical.NodeTestTask.lambda$executeRecursively$8(NodeTestTask.java:141)&#13;
	at org.junit.platform.engine.support.hierarchical.Node.around(Node.java:137)&#13;
	at org.junit.platform.engine.support.hierarchical.NodeTestTask.lambda$executeRecursively$9(NodeTestTask.java:139)&#13;
	at org.junit.platform.engine.support.hierarchical.ThrowableCollector.execute(ThrowableCollector.java:73)&#13;
	at org.junit.platform.engine.support.hierarchical.NodeTestTask.executeRecursively(NodeTestTask.java:138)&#13;
	at org.junit.platform.engine.support.hierarchical.NodeTestTask.execute(NodeTestTask.java:95)&#13;
	at org.junit.platform.engine.support.hierarchical.SameThreadHierarchicalTestExecutorService.submit(SameThreadHierarchicalTestExecutorService.java:35)&#13;
	at org.junit.platform.engine.support.hierarchical.HierarchicalTestExecutor.execute(HierarchicalTestExecutor.java:57)&#13;
	at org.junit.platform.engine.support.hierarchical.HierarchicalTestEngine.execute(HierarchicalTestEngine.java:54)&#13;
	at org.junit.platform.launcher.core.DefaultLauncher.execute(DefaultLauncher.java:229)&#13;
	at org.junit.platform.launcher.core.DefaultLauncher.lambda$execute$6(DefaultLauncher.java:197)&#13;
	at org.junit.platform.launcher.core.DefaultLauncher.withInterceptedStreams(DefaultLauncher.java:211)&#13;
	at org.junit.platform.launcher.core.DefaultLauncher.execute(DefaultLauncher.java:191)&#13;
	at org.junit.platform.launcher.core.DefaultLauncher.execute(DefaultLauncher.java:137)&#13;
	at org.eclipse.jdt.internal.junit5.runner.JUnit5TestReference.run(JUnit5TestReference.java:89)&#13;
	at org.eclipse.jdt.internal.junit.runner.TestExecution.run(TestExecution.java:41)&#13;
	at org.eclipse.jdt.internal.junit.runner.RemoteTestRunner.runTests(RemoteTestRunner.java:541)&#13;
	at org.eclipse.jdt.internal.junit.runner.RemoteTestRunner.runTests(RemoteTestRunner.java:763)&#13;
	at org.eclipse.jdt.internal.junit.runner.RemoteTestRunner.run(RemoteTestRunner.java:463)&#13;
	at org.eclipse.jdt.internal.junit.runner.RemoteTestRunner.main(RemoteTestRunner.java:209)&#13;
&#13;

      </failure>
    </testcase>
    <testcase name="testHashCode" classname="com.bookservice.request.LoginRequestTest" time="0.002" displayname="testHashCode()" uniqueid="[engine:junit-jupiter]/[class:com.bookservice.request.LoginRequestTest]/[method:testHashCode()]">
      <failure>org.opentest4j.AssertionFailedError: expected: not equal but was: &lt;5784721&gt;&#13;
	at org.junit.jupiter.api.AssertionUtils.fail(AssertionUtils.java:39)&#13;
	at org.junit.jupiter.api.AssertNotEquals.failEqual(AssertNotEquals.java:276)&#13;
	at org.junit.jupiter.api.AssertNotEquals.assertNotEquals(AssertNotEquals.java:96)&#13;
	at org.junit.jupiter.api.AssertNotEquals.assertNotEquals(AssertNotEquals.java:88)&#13;
	at org.junit.jupiter.api.Assertions.assertNotEquals(Assertions.java:1977)&#13;
	at com.bookservice.request.LoginRequestTest.testHashCode(LoginRequestTest.java:29)&#13;
	at java.base/jdk.internal.reflect.NativeMethodAccessorImpl.invoke0(Native Method)&#13;
	at java.base/jdk.internal.reflect.NativeMethodAccessorImpl.invoke(NativeMethodAccessorImpl.java:62)&#13;
	at java.base/jdk.internal.reflect.DelegatingMethodAccessorImpl.invoke(DelegatingMethodAccessorImpl.java:43)&#13;
	at java.base/java.lang.reflect.Method.invoke(Method.java:566)&#13;
	at org.junit.platform.commons.util.ReflectionUtils.invokeMethod(ReflectionUtils.java:725)&#13;
	at org.junit.jupiter.engine.execution.MethodInvocation.proceed(MethodInvocation.java:60)&#13;
	at org.junit.jupiter.engine.execution.InvocationInterceptorChain$ValidatingInvocation.proceed(InvocationInterceptorChain.java:131)&#13;
	at org.junit.jupiter.engine.extension.TimeoutExtension.intercept(TimeoutExtension.java:149)&#13;
	at org.junit.jupiter.engine.extension.TimeoutExtension.interceptTestableMethod(TimeoutExtension.java:140)&#13;
	at org.junit.jupiter.engine.extension.TimeoutExtension.interceptTestMethod(TimeoutExtension.java:84)&#13;
	at org.junit.jupiter.engine.execution.ExecutableInvoker$ReflectiveInterceptorCall.lambda$ofVoidMethod$0(ExecutableInvoker.java:115)&#13;
	at org.junit.jupiter.engine.execution.ExecutableInvoker.lambda$invoke$0(ExecutableInvoker.java:105)&#13;
	at org.junit.jupiter.engine.execution.InvocationInterceptorChain$InterceptedInvocation.proceed(InvocationInterceptorChain.java:106)&#13;
	at org.junit.jupiter.engine.execution.InvocationInterceptorChain.proceed(InvocationInterceptorChain.java:64)&#13;
	at org.junit.jupiter.engine.execution.InvocationInterceptorChain.chainAndInvoke(InvocationInterceptorChain.java:45)&#13;
	at org.junit.jupiter.engine.execution.InvocationInterceptorChain.invoke(InvocationInterceptorChain.java:37)&#13;
	at org.junit.jupiter.engine.execution.ExecutableInvoker.invoke(ExecutableInvoker.java:104)&#13;
	at org.junit.jupiter.engine.execution.ExecutableInvoker.invoke(ExecutableInvoker.java:98)&#13;
	at org.junit.jupiter.engine.descriptor.TestMethodTestDescriptor.lambda$invokeTestMethod$7(TestMethodTestDescriptor.java:214)&#13;
	at org.junit.platform.engine.support.hierarchical.ThrowableCollector.execute(ThrowableCollector.java:73)&#13;
	at org.junit.jupiter.engine.descriptor.TestMethodTestDescriptor.invokeTestMethod(TestMethodTestDescriptor.java:210)&#13;
	at org.junit.jupiter.engine.descriptor.TestMethodTestDescriptor.execute(TestMethodTestDescriptor.java:135)&#13;
	at org.junit.jupiter.engine.descriptor.TestMethodTestDescriptor.execute(TestMethodTestDescriptor.java:66)&#13;
	at org.junit.platform.engine.support.hierarchical.NodeTestTask.lambda$executeRecursively$6(NodeTestTask.java:151)&#13;
	at org.junit.platform.engine.support.hierarchical.ThrowableCollector.execute(ThrowableCollector.java:73)&#13;
	at org.junit.platform.engine.support.hierarchical.NodeTestTask.lambda$executeRecursively$8(NodeTestTask.java:141)&#13;
	at org.junit.platform.engine.support.hierarchical.Node.around(Node.java:137)&#13;
	at org.junit.platform.engine.support.hierarchical.NodeTestTask.lambda$executeRecursively$9(NodeTestTask.java:139)&#13;
	at org.junit.platform.engine.support.hierarchical.ThrowableCollector.execute(ThrowableCollector.java:73)&#13;
	at org.junit.platform.engine.support.hierarchical.NodeTestTask.executeRecursively(NodeTestTask.java:138)&#13;
	at org.junit.platform.engine.support.hierarchical.NodeTestTask.execute(NodeTestTask.java:95)&#13;
	at java.base/java.util.ArrayList.forEach(ArrayList.java:1541)&#13;
	at org.junit.platform.engine.support.hierarchical.SameThreadHierarchicalTestExecutorService.invokeAll(SameThreadHierarchicalTestExecutorService.java:41)&#13;
	at org.junit.platform.engine.support.hierarchical.NodeTestTask.lambda$executeRecursively$6(NodeTestTask.java:155)&#13;
	at org.junit.platform.engine.support.hierarchical.ThrowableCollector.execute(ThrowableCollector.java:73)&#13;
	at org.junit.platform.engine.support.hierarchical.NodeTestTask.lambda$executeRecursively$8(NodeTestTask.java:141)&#13;
	at org.junit.platform.engine.support.hierarchical.Node.around(Node.java:137)&#13;
	at org.junit.platform.engine.support.hierarchical.NodeTestTask.lambda$executeRecursively$9(NodeTestTask.java:139)&#13;
	at org.junit.platform.engine.support.hierarchical.ThrowableCollector.execute(ThrowableCollector.java:73)&#13;
	at org.junit.platform.engine.support.hierarchical.NodeTestTask.executeRecursively(NodeTestTask.java:138)&#13;
	at org.junit.platform.engine.support.hierarchical.NodeTestTask.execute(NodeTestTask.java:95)&#13;
	at java.base/java.util.ArrayList.forEach(ArrayList.java:1541)&#13;
	at org.junit.platform.engine.support.hierarchical.SameThreadHierarchicalTestExecutorService.invokeAll(SameThreadHierarchicalTestExecutorService.java:41)&#13;
	at org.junit.platform.engine.support.hierarchical.NodeTestTask.lambda$executeRecursively$6(NodeTestTask.java:155)&#13;
	at org.junit.platform.engine.support.hierarchical.ThrowableCollector.execute(ThrowableCollector.java:73)&#13;
	at org.junit.platform.engine.support.hierarchical.NodeTestTask.lambda$executeRecursively$8(NodeTestTask.java:141)&#13;
	at org.junit.platform.engine.support.hierarchical.Node.around(Node.java:137)&#13;
	at org.junit.platform.engine.support.hierarchical.NodeTestTask.lambda$executeRecursively$9(NodeTestTask.java:139)&#13;
	at org.junit.platform.engine.support.hierarchical.ThrowableCollector.execute(ThrowableCollector.java:73)&#13;
	at org.junit.platform.engine.support.hierarchical.NodeTestTask.executeRecursively(NodeTestTask.java:138)&#13;
	at org.junit.platform.engine.support.hierarchical.NodeTestTask.execute(NodeTestTask.java:95)&#13;
	at org.junit.platform.engine.support.hierarchical.SameThreadHierarchicalTestExecutorService.submit(SameThreadHierarchicalTestExecutorService.java:35)&#13;
	at org.junit.platform.engine.support.hierarchical.HierarchicalTestExecutor.execute(HierarchicalTestExecutor.java:57)&#13;
	at org.junit.platform.engine.support.hierarchical.HierarchicalTestEngine.execute(HierarchicalTestEngine.java:54)&#13;
	at org.junit.platform.launcher.core.DefaultLauncher.execute(DefaultLauncher.java:229)&#13;
	at org.junit.platform.launcher.core.DefaultLauncher.lambda$execute$6(DefaultLauncher.java:197)&#13;
	at org.junit.platform.launcher.core.DefaultLauncher.withInterceptedStreams(DefaultLauncher.java:211)&#13;
	at org.junit.platform.launcher.core.DefaultLauncher.execute(DefaultLauncher.java:191)&#13;
	at org.junit.platform.launcher.core.DefaultLauncher.execute(DefaultLauncher.java:137)&#13;
	at org.eclipse.jdt.internal.junit5.runner.JUnit5TestReference.run(JUnit5TestReference.java:89)&#13;
	at org.eclipse.jdt.internal.junit.runner.TestExecution.run(TestExecution.java:41)&#13;
	at org.eclipse.jdt.internal.junit.runner.RemoteTestRunner.runTests(RemoteTestRunner.java:541)&#13;
	at org.eclipse.jdt.internal.junit.runner.RemoteTestRunner.runTests(RemoteTestRunner.java:763)&#13;
	at org.eclipse.jdt.internal.junit.runner.RemoteTestRunner.run(RemoteTestRunner.java:463)&#13;
	at org.eclipse.jdt.internal.junit.runner.RemoteTestRunner.main(RemoteTestRunner.java:209)&#13;
&#13;
</failure>
    </testcase>
  </testsuite>
</testrun>
