<?xml version="1.0" encoding="UTF-8"?><testrun name="java" project="bookservice" tests="54" started="54" failures="4" errors="1" ignored="0">
  <testsuite name="com.bookservice.controller.LoginControllerTest" time="1.598" displayname="LoginControllerTest" uniqueid="[engine:junit-jupiter]/[class:com.bookservice.controller.LoginControllerTest]">
    <testcase name="testAuthenticateAuthorSignInSuccess" classname="com.bookservice.controller.LoginControllerTest" time="1.545" displayname="testAuthenticateAuthorSignInSuccess()" uniqueid="[engine:junit-jupiter]/[class:com.bookservice.controller.LoginControllerTest]/[method:testAuthenticateAuthorSignInSuccess()]"/>
    <testcase name="testSignoutAuthorFailByNotLoggedIn" classname="com.bookservice.controller.LoginControllerTest" time="0.004" displayname="testSignoutAuthorFailByNotLoggedIn()" uniqueid="[engine:junit-jupiter]/[class:com.bookservice.controller.LoginControllerTest]/[method:testSignoutAuthorFailByNotLoggedIn()]"/>
    <testcase name="testSignoutAuthor" classname="com.bookservice.controller.LoginControllerTest" time="0.004" displayname="testSignoutAuthor()" uniqueid="[engine:junit-jupiter]/[class:com.bookservice.controller.LoginControllerTest]/[method:testSignoutAuthor()]"/>
    <testcase name="testSignupAuthorFailByAuthorEmailExists" classname="com.bookservice.controller.LoginControllerTest" time="0.005" displayname="testSignupAuthorFailByAuthorEmailExists()" uniqueid="[engine:junit-jupiter]/[class:com.bookservice.controller.LoginControllerTest]/[method:testSignupAuthorFailByAuthorEmailExists()]"/>
    <testcase name="testSignupAuthorFailByAuthorNameExists" classname="com.bookservice.controller.LoginControllerTest" time="0.006" displayname="testSignupAuthorFailByAuthorNameExists()" uniqueid="[engine:junit-jupiter]/[class:com.bookservice.controller.LoginControllerTest]/[method:testSignupAuthorFailByAuthorNameExists()]"/>
    <testcase name="testSignoutAuthorFailByAuthorNotExists" classname="com.bookservice.controller.LoginControllerTest" time="0.004" displayname="testSignoutAuthorFailByAuthorNotExists()" uniqueid="[engine:junit-jupiter]/[class:com.bookservice.controller.LoginControllerTest]/[method:testSignoutAuthorFailByAuthorNotExists()]"/>
    <testcase name="testSignupAuthorSuccess" classname="com.bookservice.controller.LoginControllerTest" time="0.006" displayname="testSignupAuthorSuccess()" uniqueid="[engine:junit-jupiter]/[class:com.bookservice.controller.LoginControllerTest]/[method:testSignupAuthorSuccess()]"/>
    <testcase name="testAuthenticateAuthorFailByInvalidPassword" classname="com.bookservice.controller.LoginControllerTest" time="0.003" displayname="testAuthenticateAuthorFailByInvalidPassword()" uniqueid="[engine:junit-jupiter]/[class:com.bookservice.controller.LoginControllerTest]/[method:testAuthenticateAuthorFailByInvalidPassword()]"/>
    <testcase name="testAuthenticateAuthorFailByWrongAuthorName" classname="com.bookservice.controller.LoginControllerTest" time="0.004" displayname="testAuthenticateAuthorFailByWrongAuthorName()" uniqueid="[engine:junit-jupiter]/[class:com.bookservice.controller.LoginControllerTest]/[method:testAuthenticateAuthorFailByWrongAuthorName()]"/>
    <testcase name="testAuthenticateAuthorFailByAuthorNameNotExists" classname="com.bookservice.controller.LoginControllerTest" time="0.017" displayname="testAuthenticateAuthorFailByAuthorNameNotExists()" uniqueid="[engine:junit-jupiter]/[class:com.bookservice.controller.LoginControllerTest]/[method:testAuthenticateAuthorFailByAuthorNameNotExists()]"/>
  </testsuite>
  <testsuite name="com.bookservice.controller.BookControllerTest" time="0.126" displayname="BookControllerTest" uniqueid="[engine:junit-jupiter]/[class:com.bookservice.controller.BookControllerTest]">
    <testcase name="testCreateBookFailByInvalidAuthor" classname="com.bookservice.controller.BookControllerTest" time="0.09" displayname="testCreateBookFailByInvalidAuthor()" uniqueid="[engine:junit-jupiter]/[class:com.bookservice.controller.BookControllerTest]/[method:testCreateBookFailByInvalidAuthor()]"/>
    <testcase name="CreateBookFailByException" classname="com.bookservice.controller.BookControllerTest" time="0.002" displayname="CreateBookFailByException()" uniqueid="[engine:junit-jupiter]/[class:com.bookservice.controller.BookControllerTest]/[method:CreateBookFailByException()]"/>
    <testcase name="testGetAllBooks" classname="com.bookservice.controller.BookControllerTest" time="0.003" displayname="testGetAllBooks()" uniqueid="[engine:junit-jupiter]/[class:com.bookservice.controller.BookControllerTest]/[method:testGetAllBooks()]"/>
    <testcase name="testGetBooksByAuthorId" classname="com.bookservice.controller.BookControllerTest" time="0.003" displayname="testGetBooksByAuthorId()" uniqueid="[engine:junit-jupiter]/[class:com.bookservice.controller.BookControllerTest]/[method:testGetBooksByAuthorId()]"/>
    <testcase name="testUpdateBookSuccess" classname="com.bookservice.controller.BookControllerTest" time="0.004" displayname="testUpdateBookSuccess()" uniqueid="[engine:junit-jupiter]/[class:com.bookservice.controller.BookControllerTest]/[method:testUpdateBookSuccess()]"/>
    <testcase name="testUpdateBookFailByNotLoggedIn" classname="com.bookservice.controller.BookControllerTest" time="0.003" displayname="testUpdateBookFailByNotLoggedIn()" uniqueid="[engine:junit-jupiter]/[class:com.bookservice.controller.BookControllerTest]/[method:testUpdateBookFailByNotLoggedIn()]"/>
    <testcase name="testUpdateBookFailByInvalidBook" classname="com.bookservice.controller.BookControllerTest" time="0.003" displayname="testUpdateBookFailByInvalidBook()" uniqueid="[engine:junit-jupiter]/[class:com.bookservice.controller.BookControllerTest]/[method:testUpdateBookFailByInvalidBook()]"/>
    <testcase name="testCreateBookSuccess" classname="com.bookservice.controller.BookControllerTest" time="0.003" displayname="testCreateBookSuccess()" uniqueid="[engine:junit-jupiter]/[class:com.bookservice.controller.BookControllerTest]/[method:testCreateBookSuccess()]"/>
    <testcase name="testSearchBookNonEmptyFields" classname="com.bookservice.controller.BookControllerTest" time="0.004" displayname="testSearchBookNonEmptyFields()" uniqueid="[engine:junit-jupiter]/[class:com.bookservice.controller.BookControllerTest]/[method:testSearchBookNonEmptyFields()]"/>
    <testcase name="testCreateBookFailByNotLoggedIn" classname="com.bookservice.controller.BookControllerTest" time="0.002" displayname="testCreateBookFailByNotLoggedIn()" uniqueid="[engine:junit-jupiter]/[class:com.bookservice.controller.BookControllerTest]/[method:testCreateBookFailByNotLoggedIn()]"/>
    <testcase name="testUpdateBookFailByInvalidAuthor" classname="com.bookservice.controller.BookControllerTest" time="0.003" displayname="testUpdateBookFailByInvalidAuthor()" uniqueid="[engine:junit-jupiter]/[class:com.bookservice.controller.BookControllerTest]/[method:testUpdateBookFailByInvalidAuthor()]"/>
    <testcase name="testSearchBookByEmptyFields" classname="com.bookservice.controller.BookControllerTest" time="0.006" displayname="testSearchBookByEmptyFields()" uniqueid="[engine:junit-jupiter]/[class:com.bookservice.controller.BookControllerTest]/[method:testSearchBookByEmptyFields()]"/>
  </testsuite>
  <testsuite name="com.bookservice.controller.ReaderControllerTest" time="10.216" displayname="ReaderControllerTest" uniqueid="[engine:junit-jupiter]/[class:com.bookservice.controller.ReaderControllerTest]">
    <testcase name="testBuyBooksFailByBookAlreadyPurchased" classname="com.bookservice.controller.ReaderControllerTest" time="0.086" displayname="testBuyBooksFailByBookAlreadyPurchased()" uniqueid="[engine:junit-jupiter]/[class:com.bookservice.controller.ReaderControllerTest]/[method:testBuyBooksFailByBookAlreadyPurchased()]"/>
    <testcase name="testGetBookByPaymentIdSuccess" classname="com.bookservice.controller.ReaderControllerTest" time="0.003" displayname="testGetBookByPaymentIdSuccess()" uniqueid="[engine:junit-jupiter]/[class:com.bookservice.controller.ReaderControllerTest]/[method:testGetBookByPaymentIdSuccess()]"/>
    <testcase name="testBuyBooksFailByExistingReaderOrEmail" classname="com.bookservice.controller.ReaderControllerTest" time="0.003" displayname="testBuyBooksFailByExistingReaderOrEmail()" uniqueid="[engine:junit-jupiter]/[class:com.bookservice.controller.ReaderControllerTest]/[method:testBuyBooksFailByExistingReaderOrEmail()]"/>
    <testcase name="testGetPurchasedBooks" classname="com.bookservice.controller.ReaderControllerTest" time="0.004" displayname="testGetPurchasedBooks()" uniqueid="[engine:junit-jupiter]/[class:com.bookservice.controller.ReaderControllerTest]/[method:testGetPurchasedBooks()]"/>
    <testcase name="testGetBookByPaymentIdFailByInvalidEmailOrPaymentId" classname="com.bookservice.controller.ReaderControllerTest" time="0.003" displayname="testGetBookByPaymentIdFailByInvalidEmailOrPaymentId()" uniqueid="[engine:junit-jupiter]/[class:com.bookservice.controller.ReaderControllerTest]/[method:testGetBookByPaymentIdFailByInvalidEmailOrPaymentId()]"/>
    <testcase name="testGetPurchasedBooksFailByInvalidMail" classname="com.bookservice.controller.ReaderControllerTest" time="0.002" displayname="testGetPurchasedBooksFailByInvalidMail()" uniqueid="[engine:junit-jupiter]/[class:com.bookservice.controller.ReaderControllerTest]/[method:testGetPurchasedBooksFailByInvalidMail()]"/>
    <testcase name="testGetBookContentInvalidEmail" classname="com.bookservice.controller.ReaderControllerTest" time="0.012" displayname="testGetBookContentInvalidEmail()" uniqueid="[engine:junit-jupiter]/[class:com.bookservice.controller.ReaderControllerTest]/[method:testGetBookContentInvalidEmail()]">
      <failure>
        <expected>&lt;400 BAD_REQUEST Bad Request,Invalid Email / Book,[]&gt;</expected>
        <actual>&lt;400 BAD_REQUEST Bad Request,Email Doesn't Exist,[]&gt;</actual>
        org.opentest4j.AssertionFailedError: expected: &lt;&lt;400 BAD_REQUEST Bad Request,Invalid Email / Book,[]&gt;&gt; but was: &lt;&lt;400 BAD_REQUEST Bad Request,Email Doesn't Exist,[]&gt;&gt;&#13;
	at org.junit.jupiter.api.AssertionUtils.fail(AssertionUtils.java:55)&#13;
	at org.junit.jupiter.api.AssertionUtils.failNotEqual(AssertionUtils.java:62)&#13;
	at org.junit.jupiter.api.AssertEquals.assertEquals(AssertEquals.java:182)&#13;
	at org.junit.jupiter.api.AssertEquals.assertEquals(AssertEquals.java:177)&#13;
	at org.junit.jupiter.api.Assertions.assertEquals(Assertions.java:1141)&#13;
	at com.bookservice.controller.ReaderControllerTest.testGetBookContentInvalidEmail(ReaderControllerTest.java:167)&#13;
	at java.base/jdk.internal.reflect.NativeMethodAccessorImpl.invoke0(Native Method)&#13;
	at java.base/jdk.internal.reflect.NativeMethodAccessorImpl.invoke(NativeMethodAccessorImpl.java:62)&#13;
	at java.base/jdk.internal.reflect.DelegatingMethodAccessorImpl.invoke(DelegatingMethodAccessorImpl.java:43)&#13;
	at java.base/java.lang.reflect.Method.invoke(Method.java:566)&#13;
	at org.junit.platform.commons.util.ReflectionUtils.invokeMethod(ReflectionUtils.java:725)&#13;
	at org.junit.jupiter.engine.execution.MethodInvocation.proceed(MethodInvocation.java:60)&#13;
	at org.junit.jupiter.engine.execution.InvocationInterceptorChain$ValidatingInvocation.proceed(InvocationInterceptorChain.java:131)&#13;
	at org.junit.jupiter.engine.extension.TimeoutExtension.intercept(TimeoutExtension.java:149)&#13;
	at org.junit.jupiter.engine.extension.TimeoutExtension.interceptTestableMethod(TimeoutExtension.java:140)&#13;
	at org.junit.jupiter.engine.extension.TimeoutExtension.interceptTestMethod(TimeoutExtension.java:84)&#13;
	at org.junit.jupiter.engine.execution.ExecutableInvoker$ReflectiveInterceptorCall.lambda$ofVoidMethod$0(ExecutableInvoker.java:115)&#13;
	at org.junit.jupiter.engine.execution.ExecutableInvoker.lambda$invoke$0(ExecutableInvoker.java:105)&#13;
	at org.junit.jupiter.engine.execution.InvocationInterceptorChain$InterceptedInvocation.proceed(InvocationInterceptorChain.java:106)&#13;
	at org.junit.jupiter.engine.execution.InvocationInterceptorChain.proceed(InvocationInterceptorChain.java:64)&#13;
	at org.junit.jupiter.engine.execution.InvocationInterceptorChain.chainAndInvoke(InvocationInterceptorChain.java:45)&#13;
	at org.junit.jupiter.engine.execution.InvocationInterceptorChain.invoke(InvocationInterceptorChain.java:37)&#13;
	at org.junit.jupiter.engine.execution.ExecutableInvoker.invoke(ExecutableInvoker.java:104)&#13;
	at org.junit.jupiter.engine.execution.ExecutableInvoker.invoke(ExecutableInvoker.java:98)&#13;
	at org.junit.jupiter.engine.descriptor.TestMethodTestDescriptor.lambda$invokeTestMethod$7(TestMethodTestDescriptor.java:214)&#13;
	at org.junit.platform.engine.support.hierarchical.ThrowableCollector.execute(ThrowableCollector.java:73)&#13;
	at org.junit.jupiter.engine.descriptor.TestMethodTestDescriptor.invokeTestMethod(TestMethodTestDescriptor.java:210)&#13;
	at org.junit.jupiter.engine.descriptor.TestMethodTestDescriptor.execute(TestMethodTestDescriptor.java:135)&#13;
	at org.junit.jupiter.engine.descriptor.TestMethodTestDescriptor.execute(TestMethodTestDescriptor.java:66)&#13;
	at org.junit.platform.engine.support.hierarchical.NodeTestTask.lambda$executeRecursively$6(NodeTestTask.java:151)&#13;
	at org.junit.platform.engine.support.hierarchical.ThrowableCollector.execute(ThrowableCollector.java:73)&#13;
	at org.junit.platform.engine.support.hierarchical.NodeTestTask.lambda$executeRecursively$8(NodeTestTask.java:141)&#13;
	at org.junit.platform.engine.support.hierarchical.Node.around(Node.java:137)&#13;
	at org.junit.platform.engine.support.hierarchical.NodeTestTask.lambda$executeRecursively$9(NodeTestTask.java:139)&#13;
	at org.junit.platform.engine.support.hierarchical.ThrowableCollector.execute(ThrowableCollector.java:73)&#13;
	at org.junit.platform.engine.support.hierarchical.NodeTestTask.executeRecursively(NodeTestTask.java:138)&#13;
	at org.junit.platform.engine.support.hierarchical.NodeTestTask.execute(NodeTestTask.java:95)&#13;
	at java.base/java.util.ArrayList.forEach(ArrayList.java:1541)&#13;
	at org.junit.platform.engine.support.hierarchical.SameThreadHierarchicalTestExecutorService.invokeAll(SameThreadHierarchicalTestExecutorService.java:41)&#13;
	at org.junit.platform.engine.support.hierarchical.NodeTestTask.lambda$executeRecursively$6(NodeTestTask.java:155)&#13;
	at org.junit.platform.engine.support.hierarchical.ThrowableCollector.execute(ThrowableCollector.java:73)&#13;
	at org.junit.platform.engine.support.hierarchical.NodeTestTask.lambda$executeRecursively$8(NodeTestTask.java:141)&#13;
	at org.junit.platform.engine.support.hierarchical.Node.around(Node.java:137)&#13;
	at org.junit.platform.engine.support.hierarchical.NodeTestTask.lambda$executeRecursively$9(NodeTestTask.java:139)&#13;
	at org.junit.platform.engine.support.hierarchical.ThrowableCollector.execute(ThrowableCollector.java:73)&#13;
	at org.junit.platform.engine.support.hierarchical.NodeTestTask.executeRecursively(NodeTestTask.java:138)&#13;
	at org.junit.platform.engine.support.hierarchical.NodeTestTask.execute(NodeTestTask.java:95)&#13;
	at java.base/java.util.ArrayList.forEach(ArrayList.java:1541)&#13;
	at org.junit.platform.engine.support.hierarchical.SameThreadHierarchicalTestExecutorService.invokeAll(SameThreadHierarchicalTestExecutorService.java:41)&#13;
	at org.junit.platform.engine.support.hierarchical.NodeTestTask.lambda$executeRecursively$6(NodeTestTask.java:155)&#13;
	at org.junit.platform.engine.support.hierarchical.ThrowableCollector.execute(ThrowableCollector.java:73)&#13;
	at org.junit.platform.engine.support.hierarchical.NodeTestTask.lambda$executeRecursively$8(NodeTestTask.java:141)&#13;
	at org.junit.platform.engine.support.hierarchical.Node.around(Node.java:137)&#13;
	at org.junit.platform.engine.support.hierarchical.NodeTestTask.lambda$executeRecursively$9(NodeTestTask.java:139)&#13;
	at org.junit.platform.engine.support.hierarchical.ThrowableCollector.execute(ThrowableCollector.java:73)&#13;
	at org.junit.platform.engine.support.hierarchical.NodeTestTask.executeRecursively(NodeTestTask.java:138)&#13;
	at org.junit.platform.engine.support.hierarchical.NodeTestTask.execute(NodeTestTask.java:95)&#13;
	at org.junit.platform.engine.support.hierarchical.SameThreadHierarchicalTestExecutorService.submit(SameThreadHierarchicalTestExecutorService.java:35)&#13;
	at org.junit.platform.engine.support.hierarchical.HierarchicalTestExecutor.execute(HierarchicalTestExecutor.java:57)&#13;
	at org.junit.platform.engine.support.hierarchical.HierarchicalTestEngine.execute(HierarchicalTestEngine.java:54)&#13;
	at org.junit.platform.launcher.core.DefaultLauncher.execute(DefaultLauncher.java:229)&#13;
	at org.junit.platform.launcher.core.DefaultLauncher.lambda$execute$6(DefaultLauncher.java:197)&#13;
	at org.junit.platform.launcher.core.DefaultLauncher.withInterceptedStreams(DefaultLauncher.java:211)&#13;
	at org.junit.platform.launcher.core.DefaultLauncher.execute(DefaultLauncher.java:191)&#13;
	at org.junit.platform.launcher.core.DefaultLauncher.execute(DefaultLauncher.java:137)&#13;
	at org.eclipse.jdt.internal.junit5.runner.JUnit5TestReference.run(JUnit5TestReference.java:89)&#13;
	at org.eclipse.jdt.internal.junit.runner.TestExecution.run(TestExecution.java:41)&#13;
	at org.eclipse.jdt.internal.junit.runner.RemoteTestRunner.runTests(RemoteTestRunner.java:541)&#13;
	at org.eclipse.jdt.internal.junit.runner.RemoteTestRunner.runTests(RemoteTestRunner.java:763)&#13;
	at org.eclipse.jdt.internal.junit.runner.RemoteTestRunner.run(RemoteTestRunner.java:463)&#13;
	at org.eclipse.jdt.internal.junit.runner.RemoteTestRunner.main(RemoteTestRunner.java:209)&#13;
&#13;

      </failure>
    </testcase>
    <testcase name="testGetBookContentSuccess" classname="com.bookservice.controller.ReaderControllerTest" time="0.003" displayname="testGetBookContentSuccess()" uniqueid="[engine:junit-jupiter]/[class:com.bookservice.controller.ReaderControllerTest]/[method:testGetBookContentSuccess()]"/>
    <testcase name="testGetRefundBookByBookIdFailByInvalidEmai" classname="com.bookservice.controller.ReaderControllerTest" time="0.004" displayname="testGetRefundBookByBookIdFailByInvalidEmai()" uniqueid="[engine:junit-jupiter]/[class:com.bookservice.controller.ReaderControllerTest]/[method:testGetRefundBookByBookIdFailByInvalidEmai()]">
      <failure>
        <expected>&lt;404 NOT_FOUND Not Found,Invalid Email Id / Book,[]&gt;</expected>
        <actual>&lt;400 BAD_REQUEST Bad Request,Email Doesn't Exist,[]&gt;</actual>
        org.opentest4j.AssertionFailedError: expected: &lt;&lt;404 NOT_FOUND Not Found,Invalid Email Id / Book,[]&gt;&gt; but was: &lt;&lt;400 BAD_REQUEST Bad Request,Email Doesn't Exist,[]&gt;&gt;&#13;
	at org.junit.jupiter.api.AssertionUtils.fail(AssertionUtils.java:55)&#13;
	at org.junit.jupiter.api.AssertionUtils.failNotEqual(AssertionUtils.java:62)&#13;
	at org.junit.jupiter.api.AssertEquals.assertEquals(AssertEquals.java:182)&#13;
	at org.junit.jupiter.api.AssertEquals.assertEquals(AssertEquals.java:177)&#13;
	at org.junit.jupiter.api.Assertions.assertEquals(Assertions.java:1141)&#13;
	at com.bookservice.controller.ReaderControllerTest.testGetRefundBookByBookIdFailByInvalidEmai(ReaderControllerTest.java:194)&#13;
	at java.base/jdk.internal.reflect.NativeMethodAccessorImpl.invoke0(Native Method)&#13;
	at java.base/jdk.internal.reflect.NativeMethodAccessorImpl.invoke(NativeMethodAccessorImpl.java:62)&#13;
	at java.base/jdk.internal.reflect.DelegatingMethodAccessorImpl.invoke(DelegatingMethodAccessorImpl.java:43)&#13;
	at java.base/java.lang.reflect.Method.invoke(Method.java:566)&#13;
	at org.junit.platform.commons.util.ReflectionUtils.invokeMethod(ReflectionUtils.java:725)&#13;
	at org.junit.jupiter.engine.execution.MethodInvocation.proceed(MethodInvocation.java:60)&#13;
	at org.junit.jupiter.engine.execution.InvocationInterceptorChain$ValidatingInvocation.proceed(InvocationInterceptorChain.java:131)&#13;
	at org.junit.jupiter.engine.extension.TimeoutExtension.intercept(TimeoutExtension.java:149)&#13;
	at org.junit.jupiter.engine.extension.TimeoutExtension.interceptTestableMethod(TimeoutExtension.java:140)&#13;
	at org.junit.jupiter.engine.extension.TimeoutExtension.interceptTestMethod(TimeoutExtension.java:84)&#13;
	at org.junit.jupiter.engine.execution.ExecutableInvoker$ReflectiveInterceptorCall.lambda$ofVoidMethod$0(ExecutableInvoker.java:115)&#13;
	at org.junit.jupiter.engine.execution.ExecutableInvoker.lambda$invoke$0(ExecutableInvoker.java:105)&#13;
	at org.junit.jupiter.engine.execution.InvocationInterceptorChain$InterceptedInvocation.proceed(InvocationInterceptorChain.java:106)&#13;
	at org.junit.jupiter.engine.execution.InvocationInterceptorChain.proceed(InvocationInterceptorChain.java:64)&#13;
	at org.junit.jupiter.engine.execution.InvocationInterceptorChain.chainAndInvoke(InvocationInterceptorChain.java:45)&#13;
	at org.junit.jupiter.engine.execution.InvocationInterceptorChain.invoke(InvocationInterceptorChain.java:37)&#13;
	at org.junit.jupiter.engine.execution.ExecutableInvoker.invoke(ExecutableInvoker.java:104)&#13;
	at org.junit.jupiter.engine.execution.ExecutableInvoker.invoke(ExecutableInvoker.java:98)&#13;
	at org.junit.jupiter.engine.descriptor.TestMethodTestDescriptor.lambda$invokeTestMethod$7(TestMethodTestDescriptor.java:214)&#13;
	at org.junit.platform.engine.support.hierarchical.ThrowableCollector.execute(ThrowableCollector.java:73)&#13;
	at org.junit.jupiter.engine.descriptor.TestMethodTestDescriptor.invokeTestMethod(TestMethodTestDescriptor.java:210)&#13;
	at org.junit.jupiter.engine.descriptor.TestMethodTestDescriptor.execute(TestMethodTestDescriptor.java:135)&#13;
	at org.junit.jupiter.engine.descriptor.TestMethodTestDescriptor.execute(TestMethodTestDescriptor.java:66)&#13;
	at org.junit.platform.engine.support.hierarchical.NodeTestTask.lambda$executeRecursively$6(NodeTestTask.java:151)&#13;
	at org.junit.platform.engine.support.hierarchical.ThrowableCollector.execute(ThrowableCollector.java:73)&#13;
	at org.junit.platform.engine.support.hierarchical.NodeTestTask.lambda$executeRecursively$8(NodeTestTask.java:141)&#13;
	at org.junit.platform.engine.support.hierarchical.Node.around(Node.java:137)&#13;
	at org.junit.platform.engine.support.hierarchical.NodeTestTask.lambda$executeRecursively$9(NodeTestTask.java:139)&#13;
	at org.junit.platform.engine.support.hierarchical.ThrowableCollector.execute(ThrowableCollector.java:73)&#13;
	at org.junit.platform.engine.support.hierarchical.NodeTestTask.executeRecursively(NodeTestTask.java:138)&#13;
	at org.junit.platform.engine.support.hierarchical.NodeTestTask.execute(NodeTestTask.java:95)&#13;
	at java.base/java.util.ArrayList.forEach(ArrayList.java:1541)&#13;
	at org.junit.platform.engine.support.hierarchical.SameThreadHierarchicalTestExecutorService.invokeAll(SameThreadHierarchicalTestExecutorService.java:41)&#13;
	at org.junit.platform.engine.support.hierarchical.NodeTestTask.lambda$executeRecursively$6(NodeTestTask.java:155)&#13;
	at org.junit.platform.engine.support.hierarchical.ThrowableCollector.execute(ThrowableCollector.java:73)&#13;
	at org.junit.platform.engine.support.hierarchical.NodeTestTask.lambda$executeRecursively$8(NodeTestTask.java:141)&#13;
	at org.junit.platform.engine.support.hierarchical.Node.around(Node.java:137)&#13;
	at org.junit.platform.engine.support.hierarchical.NodeTestTask.lambda$executeRecursively$9(NodeTestTask.java:139)&#13;
	at org.junit.platform.engine.support.hierarchical.ThrowableCollector.execute(ThrowableCollector.java:73)&#13;
	at org.junit.platform.engine.support.hierarchical.NodeTestTask.executeRecursively(NodeTestTask.java:138)&#13;
	at org.junit.platform.engine.support.hierarchical.NodeTestTask.execute(NodeTestTask.java:95)&#13;
	at java.base/java.util.ArrayList.forEach(ArrayList.java:1541)&#13;
	at org.junit.platform.engine.support.hierarchical.SameThreadHierarchicalTestExecutorService.invokeAll(SameThreadHierarchicalTestExecutorService.java:41)&#13;
	at org.junit.platform.engine.support.hierarchical.NodeTestTask.lambda$executeRecursively$6(NodeTestTask.java:155)&#13;
	at org.junit.platform.engine.support.hierarchical.ThrowableCollector.execute(ThrowableCollector.java:73)&#13;
	at org.junit.platform.engine.support.hierarchical.NodeTestTask.lambda$executeRecursively$8(NodeTestTask.java:141)&#13;
	at org.junit.platform.engine.support.hierarchical.Node.around(Node.java:137)&#13;
	at org.junit.platform.engine.support.hierarchical.NodeTestTask.lambda$executeRecursively$9(NodeTestTask.java:139)&#13;
	at org.junit.platform.engine.support.hierarchical.ThrowableCollector.execute(ThrowableCollector.java:73)&#13;
	at org.junit.platform.engine.support.hierarchical.NodeTestTask.executeRecursively(NodeTestTask.java:138)&#13;
	at org.junit.platform.engine.support.hierarchical.NodeTestTask.execute(NodeTestTask.java:95)&#13;
	at org.junit.platform.engine.support.hierarchical.SameThreadHierarchicalTestExecutorService.submit(SameThreadHierarchicalTestExecutorService.java:35)&#13;
	at org.junit.platform.engine.support.hierarchical.HierarchicalTestExecutor.execute(HierarchicalTestExecutor.java:57)&#13;
	at org.junit.platform.engine.support.hierarchical.HierarchicalTestEngine.execute(HierarchicalTestEngine.java:54)&#13;
	at org.junit.platform.launcher.core.DefaultLauncher.execute(DefaultLauncher.java:229)&#13;
	at org.junit.platform.launcher.core.DefaultLauncher.lambda$execute$6(DefaultLauncher.java:197)&#13;
	at org.junit.platform.launcher.core.DefaultLauncher.withInterceptedStreams(DefaultLauncher.java:211)&#13;
	at org.junit.platform.launcher.core.DefaultLauncher.execute(DefaultLauncher.java:191)&#13;
	at org.junit.platform.launcher.core.DefaultLauncher.execute(DefaultLauncher.java:137)&#13;
	at org.eclipse.jdt.internal.junit5.runner.JUnit5TestReference.run(JUnit5TestReference.java:89)&#13;
	at org.eclipse.jdt.internal.junit.runner.TestExecution.run(TestExecution.java:41)&#13;
	at org.eclipse.jdt.internal.junit.runner.RemoteTestRunner.runTests(RemoteTestRunner.java:541)&#13;
	at org.eclipse.jdt.internal.junit.runner.RemoteTestRunner.runTests(RemoteTestRunner.java:763)&#13;
	at org.eclipse.jdt.internal.junit.runner.RemoteTestRunner.run(RemoteTestRunner.java:463)&#13;
	at org.eclipse.jdt.internal.junit.runner.RemoteTestRunner.main(RemoteTestRunner.java:209)&#13;
&#13;

      </failure>
    </testcase>
    <testcase name="testGetBookContentFailByInvalidReader" classname="com.bookservice.controller.ReaderControllerTest" time="0.003" displayname="testGetBookContentFailByInvalidReader()" uniqueid="[engine:junit-jupiter]/[class:com.bookservice.controller.ReaderControllerTest]/[method:testGetBookContentFailByInvalidReader()]">
      <failure>
        <expected>&lt;400 BAD_REQUEST Bad Request,Invalid Email / Book,[]&gt;</expected>
        <actual>&lt;404 NOT_FOUND Not Found,Unauthorised to read book / Invalid Book,[]&gt;</actual>
        org.opentest4j.AssertionFailedError: expected: &lt;&lt;400 BAD_REQUEST Bad Request,Invalid Email / Book,[]&gt;&gt; but was: &lt;&lt;404 NOT_FOUND Not Found,Unauthorised to read book / Invalid Book,[]&gt;&gt;&#13;
	at org.junit.jupiter.api.AssertionUtils.fail(AssertionUtils.java:55)&#13;
	at org.junit.jupiter.api.AssertionUtils.failNotEqual(AssertionUtils.java:62)&#13;
	at org.junit.jupiter.api.AssertEquals.assertEquals(AssertEquals.java:182)&#13;
	at org.junit.jupiter.api.AssertEquals.assertEquals(AssertEquals.java:177)&#13;
	at org.junit.jupiter.api.Assertions.assertEquals(Assertions.java:1141)&#13;
	at com.bookservice.controller.ReaderControllerTest.testGetBookContentFailByInvalidReader(ReaderControllerTest.java:156)&#13;
	at java.base/jdk.internal.reflect.NativeMethodAccessorImpl.invoke0(Native Method)&#13;
	at java.base/jdk.internal.reflect.NativeMethodAccessorImpl.invoke(NativeMethodAccessorImpl.java:62)&#13;
	at java.base/jdk.internal.reflect.DelegatingMethodAccessorImpl.invoke(DelegatingMethodAccessorImpl.java:43)&#13;
	at java.base/java.lang.reflect.Method.invoke(Method.java:566)&#13;
	at org.junit.platform.commons.util.ReflectionUtils.invokeMethod(ReflectionUtils.java:725)&#13;
	at org.junit.jupiter.engine.execution.MethodInvocation.proceed(MethodInvocation.java:60)&#13;
	at org.junit.jupiter.engine.execution.InvocationInterceptorChain$ValidatingInvocation.proceed(InvocationInterceptorChain.java:131)&#13;
	at org.junit.jupiter.engine.extension.TimeoutExtension.intercept(TimeoutExtension.java:149)&#13;
	at org.junit.jupiter.engine.extension.TimeoutExtension.interceptTestableMethod(TimeoutExtension.java:140)&#13;
	at org.junit.jupiter.engine.extension.TimeoutExtension.interceptTestMethod(TimeoutExtension.java:84)&#13;
	at org.junit.jupiter.engine.execution.ExecutableInvoker$ReflectiveInterceptorCall.lambda$ofVoidMethod$0(ExecutableInvoker.java:115)&#13;
	at org.junit.jupiter.engine.execution.ExecutableInvoker.lambda$invoke$0(ExecutableInvoker.java:105)&#13;
	at org.junit.jupiter.engine.execution.InvocationInterceptorChain$InterceptedInvocation.proceed(InvocationInterceptorChain.java:106)&#13;
	at org.junit.jupiter.engine.execution.InvocationInterceptorChain.proceed(InvocationInterceptorChain.java:64)&#13;
	at org.junit.jupiter.engine.execution.InvocationInterceptorChain.chainAndInvoke(InvocationInterceptorChain.java:45)&#13;
	at org.junit.jupiter.engine.execution.InvocationInterceptorChain.invoke(InvocationInterceptorChain.java:37)&#13;
	at org.junit.jupiter.engine.execution.ExecutableInvoker.invoke(ExecutableInvoker.java:104)&#13;
	at org.junit.jupiter.engine.execution.ExecutableInvoker.invoke(ExecutableInvoker.java:98)&#13;
	at org.junit.jupiter.engine.descriptor.TestMethodTestDescriptor.lambda$invokeTestMethod$7(TestMethodTestDescriptor.java:214)&#13;
	at org.junit.platform.engine.support.hierarchical.ThrowableCollector.execute(ThrowableCollector.java:73)&#13;
	at org.junit.jupiter.engine.descriptor.TestMethodTestDescriptor.invokeTestMethod(TestMethodTestDescriptor.java:210)&#13;
	at org.junit.jupiter.engine.descriptor.TestMethodTestDescriptor.execute(TestMethodTestDescriptor.java:135)&#13;
	at org.junit.jupiter.engine.descriptor.TestMethodTestDescriptor.execute(TestMethodTestDescriptor.java:66)&#13;
	at org.junit.platform.engine.support.hierarchical.NodeTestTask.lambda$executeRecursively$6(NodeTestTask.java:151)&#13;
	at org.junit.platform.engine.support.hierarchical.ThrowableCollector.execute(ThrowableCollector.java:73)&#13;
	at org.junit.platform.engine.support.hierarchical.NodeTestTask.lambda$executeRecursively$8(NodeTestTask.java:141)&#13;
	at org.junit.platform.engine.support.hierarchical.Node.around(Node.java:137)&#13;
	at org.junit.platform.engine.support.hierarchical.NodeTestTask.lambda$executeRecursively$9(NodeTestTask.java:139)&#13;
	at org.junit.platform.engine.support.hierarchical.ThrowableCollector.execute(ThrowableCollector.java:73)&#13;
	at org.junit.platform.engine.support.hierarchical.NodeTestTask.executeRecursively(NodeTestTask.java:138)&#13;
	at org.junit.platform.engine.support.hierarchical.NodeTestTask.execute(NodeTestTask.java:95)&#13;
	at java.base/java.util.ArrayList.forEach(ArrayList.java:1541)&#13;
	at org.junit.platform.engine.support.hierarchical.SameThreadHierarchicalTestExecutorService.invokeAll(SameThreadHierarchicalTestExecutorService.java:41)&#13;
	at org.junit.platform.engine.support.hierarchical.NodeTestTask.lambda$executeRecursively$6(NodeTestTask.java:155)&#13;
	at org.junit.platform.engine.support.hierarchical.ThrowableCollector.execute(ThrowableCollector.java:73)&#13;
	at org.junit.platform.engine.support.hierarchical.NodeTestTask.lambda$executeRecursively$8(NodeTestTask.java:141)&#13;
	at org.junit.platform.engine.support.hierarchical.Node.around(Node.java:137)&#13;
	at org.junit.platform.engine.support.hierarchical.NodeTestTask.lambda$executeRecursively$9(NodeTestTask.java:139)&#13;
	at org.junit.platform.engine.support.hierarchical.ThrowableCollector.execute(ThrowableCollector.java:73)&#13;
	at org.junit.platform.engine.support.hierarchical.NodeTestTask.executeRecursively(NodeTestTask.java:138)&#13;
	at org.junit.platform.engine.support.hierarchical.NodeTestTask.execute(NodeTestTask.java:95)&#13;
	at java.base/java.util.ArrayList.forEach(ArrayList.java:1541)&#13;
	at org.junit.platform.engine.support.hierarchical.SameThreadHierarchicalTestExecutorService.invokeAll(SameThreadHierarchicalTestExecutorService.java:41)&#13;
	at org.junit.platform.engine.support.hierarchical.NodeTestTask.lambda$executeRecursively$6(NodeTestTask.java:155)&#13;
	at org.junit.platform.engine.support.hierarchical.ThrowableCollector.execute(ThrowableCollector.java:73)&#13;
	at org.junit.platform.engine.support.hierarchical.NodeTestTask.lambda$executeRecursively$8(NodeTestTask.java:141)&#13;
	at org.junit.platform.engine.support.hierarchical.Node.around(Node.java:137)&#13;
	at org.junit.platform.engine.support.hierarchical.NodeTestTask.lambda$executeRecursively$9(NodeTestTask.java:139)&#13;
	at org.junit.platform.engine.support.hierarchical.ThrowableCollector.execute(ThrowableCollector.java:73)&#13;
	at org.junit.platform.engine.support.hierarchical.NodeTestTask.executeRecursively(NodeTestTask.java:138)&#13;
	at org.junit.platform.engine.support.hierarchical.NodeTestTask.execute(NodeTestTask.java:95)&#13;
	at org.junit.platform.engine.support.hierarchical.SameThreadHierarchicalTestExecutorService.submit(SameThreadHierarchicalTestExecutorService.java:35)&#13;
	at org.junit.platform.engine.support.hierarchical.HierarchicalTestExecutor.execute(HierarchicalTestExecutor.java:57)&#13;
	at org.junit.platform.engine.support.hierarchical.HierarchicalTestEngine.execute(HierarchicalTestEngine.java:54)&#13;
	at org.junit.platform.launcher.core.DefaultLauncher.execute(DefaultLauncher.java:229)&#13;
	at org.junit.platform.launcher.core.DefaultLauncher.lambda$execute$6(DefaultLauncher.java:197)&#13;
	at org.junit.platform.launcher.core.DefaultLauncher.withInterceptedStreams(DefaultLauncher.java:211)&#13;
	at org.junit.platform.launcher.core.DefaultLauncher.execute(DefaultLauncher.java:191)&#13;
	at org.junit.platform.launcher.core.DefaultLauncher.execute(DefaultLauncher.java:137)&#13;
	at org.eclipse.jdt.internal.junit5.runner.JUnit5TestReference.run(JUnit5TestReference.java:89)&#13;
	at org.eclipse.jdt.internal.junit.runner.TestExecution.run(TestExecution.java:41)&#13;
	at org.eclipse.jdt.internal.junit.runner.RemoteTestRunner.runTests(RemoteTestRunner.java:541)&#13;
	at org.eclipse.jdt.internal.junit.runner.RemoteTestRunner.runTests(RemoteTestRunner.java:763)&#13;
	at org.eclipse.jdt.internal.junit.runner.RemoteTestRunner.run(RemoteTestRunner.java:463)&#13;
	at org.eclipse.jdt.internal.junit.runner.RemoteTestRunner.main(RemoteTestRunner.java:209)&#13;
&#13;

      </failure>
    </testcase>
    <testcase name="testGetPurchasedBooksForZeroBooks" classname="com.bookservice.controller.ReaderControllerTest" time="0.004" displayname="testGetPurchasedBooksForZeroBooks()" uniqueid="[engine:junit-jupiter]/[class:com.bookservice.controller.ReaderControllerTest]/[method:testGetPurchasedBooksForZeroBooks()]">
      <failure>
        <expected>&lt;400 BAD_REQUEST Bad Request,Invalid Email Id / No Books Purchased,[]&gt;</expected>
        <actual>&lt;400 BAD_REQUEST Bad Request,No Books Purchased,[]&gt;</actual>
        org.opentest4j.AssertionFailedError: expected: &lt;&lt;400 BAD_REQUEST Bad Request,Invalid Email Id / No Books Purchased,[]&gt;&gt; but was: &lt;&lt;400 BAD_REQUEST Bad Request,No Books Purchased,[]&gt;&gt;&#13;
	at org.junit.jupiter.api.AssertionUtils.fail(AssertionUtils.java:55)&#13;
	at org.junit.jupiter.api.AssertionUtils.failNotEqual(AssertionUtils.java:62)&#13;
	at org.junit.jupiter.api.AssertEquals.assertEquals(AssertEquals.java:182)&#13;
	at org.junit.jupiter.api.AssertEquals.assertEquals(AssertEquals.java:177)&#13;
	at org.junit.jupiter.api.Assertions.assertEquals(Assertions.java:1141)&#13;
	at com.bookservice.controller.ReaderControllerTest.testGetPurchasedBooksForZeroBooks(ReaderControllerTest.java:138)&#13;
	at java.base/jdk.internal.reflect.NativeMethodAccessorImpl.invoke0(Native Method)&#13;
	at java.base/jdk.internal.reflect.NativeMethodAccessorImpl.invoke(NativeMethodAccessorImpl.java:62)&#13;
	at java.base/jdk.internal.reflect.DelegatingMethodAccessorImpl.invoke(DelegatingMethodAccessorImpl.java:43)&#13;
	at java.base/java.lang.reflect.Method.invoke(Method.java:566)&#13;
	at org.junit.platform.commons.util.ReflectionUtils.invokeMethod(ReflectionUtils.java:725)&#13;
	at org.junit.jupiter.engine.execution.MethodInvocation.proceed(MethodInvocation.java:60)&#13;
	at org.junit.jupiter.engine.execution.InvocationInterceptorChain$ValidatingInvocation.proceed(InvocationInterceptorChain.java:131)&#13;
	at org.junit.jupiter.engine.extension.TimeoutExtension.intercept(TimeoutExtension.java:149)&#13;
	at org.junit.jupiter.engine.extension.TimeoutExtension.interceptTestableMethod(TimeoutExtension.java:140)&#13;
	at org.junit.jupiter.engine.extension.TimeoutExtension.interceptTestMethod(TimeoutExtension.java:84)&#13;
	at org.junit.jupiter.engine.execution.ExecutableInvoker$ReflectiveInterceptorCall.lambda$ofVoidMethod$0(ExecutableInvoker.java:115)&#13;
	at org.junit.jupiter.engine.execution.ExecutableInvoker.lambda$invoke$0(ExecutableInvoker.java:105)&#13;
	at org.junit.jupiter.engine.execution.InvocationInterceptorChain$InterceptedInvocation.proceed(InvocationInterceptorChain.java:106)&#13;
	at org.junit.jupiter.engine.execution.InvocationInterceptorChain.proceed(InvocationInterceptorChain.java:64)&#13;
	at org.junit.jupiter.engine.execution.InvocationInterceptorChain.chainAndInvoke(InvocationInterceptorChain.java:45)&#13;
	at org.junit.jupiter.engine.execution.InvocationInterceptorChain.invoke(InvocationInterceptorChain.java:37)&#13;
	at org.junit.jupiter.engine.execution.ExecutableInvoker.invoke(ExecutableInvoker.java:104)&#13;
	at org.junit.jupiter.engine.execution.ExecutableInvoker.invoke(ExecutableInvoker.java:98)&#13;
	at org.junit.jupiter.engine.descriptor.TestMethodTestDescriptor.lambda$invokeTestMethod$7(TestMethodTestDescriptor.java:214)&#13;
	at org.junit.platform.engine.support.hierarchical.ThrowableCollector.execute(ThrowableCollector.java:73)&#13;
	at org.junit.jupiter.engine.descriptor.TestMethodTestDescriptor.invokeTestMethod(TestMethodTestDescriptor.java:210)&#13;
	at org.junit.jupiter.engine.descriptor.TestMethodTestDescriptor.execute(TestMethodTestDescriptor.java:135)&#13;
	at org.junit.jupiter.engine.descriptor.TestMethodTestDescriptor.execute(TestMethodTestDescriptor.java:66)&#13;
	at org.junit.platform.engine.support.hierarchical.NodeTestTask.lambda$executeRecursively$6(NodeTestTask.java:151)&#13;
	at org.junit.platform.engine.support.hierarchical.ThrowableCollector.execute(ThrowableCollector.java:73)&#13;
	at org.junit.platform.engine.support.hierarchical.NodeTestTask.lambda$executeRecursively$8(NodeTestTask.java:141)&#13;
	at org.junit.platform.engine.support.hierarchical.Node.around(Node.java:137)&#13;
	at org.junit.platform.engine.support.hierarchical.NodeTestTask.lambda$executeRecursively$9(NodeTestTask.java:139)&#13;
	at org.junit.platform.engine.support.hierarchical.ThrowableCollector.execute(ThrowableCollector.java:73)&#13;
	at org.junit.platform.engine.support.hierarchical.NodeTestTask.executeRecursively(NodeTestTask.java:138)&#13;
	at org.junit.platform.engine.support.hierarchical.NodeTestTask.execute(NodeTestTask.java:95)&#13;
	at java.base/java.util.ArrayList.forEach(ArrayList.java:1541)&#13;
	at org.junit.platform.engine.support.hierarchical.SameThreadHierarchicalTestExecutorService.invokeAll(SameThreadHierarchicalTestExecutorService.java:41)&#13;
	at org.junit.platform.engine.support.hierarchical.NodeTestTask.lambda$executeRecursively$6(NodeTestTask.java:155)&#13;
	at org.junit.platform.engine.support.hierarchical.ThrowableCollector.execute(ThrowableCollector.java:73)&#13;
	at org.junit.platform.engine.support.hierarchical.NodeTestTask.lambda$executeRecursively$8(NodeTestTask.java:141)&#13;
	at org.junit.platform.engine.support.hierarchical.Node.around(Node.java:137)&#13;
	at org.junit.platform.engine.support.hierarchical.NodeTestTask.lambda$executeRecursively$9(NodeTestTask.java:139)&#13;
	at org.junit.platform.engine.support.hierarchical.ThrowableCollector.execute(ThrowableCollector.java:73)&#13;
	at org.junit.platform.engine.support.hierarchical.NodeTestTask.executeRecursively(NodeTestTask.java:138)&#13;
	at org.junit.platform.engine.support.hierarchical.NodeTestTask.execute(NodeTestTask.java:95)&#13;
	at java.base/java.util.ArrayList.forEach(ArrayList.java:1541)&#13;
	at org.junit.platform.engine.support.hierarchical.SameThreadHierarchicalTestExecutorService.invokeAll(SameThreadHierarchicalTestExecutorService.java:41)&#13;
	at org.junit.platform.engine.support.hierarchical.NodeTestTask.lambda$executeRecursively$6(NodeTestTask.java:155)&#13;
	at org.junit.platform.engine.support.hierarchical.ThrowableCollector.execute(ThrowableCollector.java:73)&#13;
	at org.junit.platform.engine.support.hierarchical.NodeTestTask.lambda$executeRecursively$8(NodeTestTask.java:141)&#13;
	at org.junit.platform.engine.support.hierarchical.Node.around(Node.java:137)&#13;
	at org.junit.platform.engine.support.hierarchical.NodeTestTask.lambda$executeRecursively$9(NodeTestTask.java:139)&#13;
	at org.junit.platform.engine.support.hierarchical.ThrowableCollector.execute(ThrowableCollector.java:73)&#13;
	at org.junit.platform.engine.support.hierarchical.NodeTestTask.executeRecursively(NodeTestTask.java:138)&#13;
	at org.junit.platform.engine.support.hierarchical.NodeTestTask.execute(NodeTestTask.java:95)&#13;
	at org.junit.platform.engine.support.hierarchical.SameThreadHierarchicalTestExecutorService.submit(SameThreadHierarchicalTestExecutorService.java:35)&#13;
	at org.junit.platform.engine.support.hierarchical.HierarchicalTestExecutor.execute(HierarchicalTestExecutor.java:57)&#13;
	at org.junit.platform.engine.support.hierarchical.HierarchicalTestEngine.execute(HierarchicalTestEngine.java:54)&#13;
	at org.junit.platform.launcher.core.DefaultLauncher.execute(DefaultLauncher.java:229)&#13;
	at org.junit.platform.launcher.core.DefaultLauncher.lambda$execute$6(DefaultLauncher.java:197)&#13;
	at org.junit.platform.launcher.core.DefaultLauncher.withInterceptedStreams(DefaultLauncher.java:211)&#13;
	at org.junit.platform.launcher.core.DefaultLauncher.execute(DefaultLauncher.java:191)&#13;
	at org.junit.platform.launcher.core.DefaultLauncher.execute(DefaultLauncher.java:137)&#13;
	at org.eclipse.jdt.internal.junit5.runner.JUnit5TestReference.run(JUnit5TestReference.java:89)&#13;
	at org.eclipse.jdt.internal.junit.runner.TestExecution.run(TestExecution.java:41)&#13;
	at org.eclipse.jdt.internal.junit.runner.RemoteTestRunner.runTests(RemoteTestRunner.java:541)&#13;
	at org.eclipse.jdt.internal.junit.runner.RemoteTestRunner.runTests(RemoteTestRunner.java:763)&#13;
	at org.eclipse.jdt.internal.junit.runner.RemoteTestRunner.run(RemoteTestRunner.java:463)&#13;
	at org.eclipse.jdt.internal.junit.runner.RemoteTestRunner.main(RemoteTestRunner.java:209)&#13;
&#13;

      </failure>
    </testcase>
    <testcase name="testGetRefundBookByBookId" classname="com.bookservice.controller.ReaderControllerTest" time="0.023" displayname="testGetRefundBookByBookId()" uniqueid="[engine:junit-jupiter]/[class:com.bookservice.controller.ReaderControllerTest]/[method:testGetRefundBookByBookId()]">
      <error>org.mockito.exceptions.misusing.UnnecessaryStubbingException: 
Unnecessary stubbings detected.
Clean &amp; maintainable test code requires zero unnecessary code.
Following stubbings are unnecessary (click to navigate to relevant line of code):
  1. -&gt; at com.bookservice.controller.ReaderControllerTest.testGetRefundBookByBookId(ReaderControllerTest.java:187)
Please remove unnecessary stubbings or use 'lenient' strictness. More info: javadoc for UnnecessaryStubbingException class.&#13;
	at org.mockito.junit.jupiter.MockitoExtension.afterEach(MockitoExtension.java:186)&#13;
	at org.junit.jupiter.engine.descriptor.TestMethodTestDescriptor.lambda$invokeAfterEachCallbacks$12(TestMethodTestDescriptor.java:257)&#13;
	at org.junit.jupiter.engine.descriptor.TestMethodTestDescriptor.lambda$invokeAllAfterMethodsOrCallbacks$13(TestMethodTestDescriptor.java:273)&#13;
	at org.junit.platform.engine.support.hierarchical.ThrowableCollector.execute(ThrowableCollector.java:73)&#13;
	at org.junit.jupiter.engine.descriptor.TestMethodTestDescriptor.lambda$invokeAllAfterMethodsOrCallbacks$14(TestMethodTestDescriptor.java:273)&#13;
	at java.base/java.util.ArrayList.forEach(ArrayList.java:1541)&#13;
	at org.junit.jupiter.engine.descriptor.TestMethodTestDescriptor.invokeAllAfterMethodsOrCallbacks(TestMethodTestDescriptor.java:272)&#13;
	at org.junit.jupiter.engine.descriptor.TestMethodTestDescriptor.invokeAfterEachCallbacks(TestMethodTestDescriptor.java:256)&#13;
	at org.junit.jupiter.engine.descriptor.TestMethodTestDescriptor.execute(TestMethodTestDescriptor.java:141)&#13;
	at org.junit.jupiter.engine.descriptor.TestMethodTestDescriptor.execute(TestMethodTestDescriptor.java:66)&#13;
	at org.junit.platform.engine.support.hierarchical.NodeTestTask.lambda$executeRecursively$6(NodeTestTask.java:151)&#13;
	at org.junit.platform.engine.support.hierarchical.ThrowableCollector.execute(ThrowableCollector.java:73)&#13;
	at org.junit.platform.engine.support.hierarchical.NodeTestTask.lambda$executeRecursively$8(NodeTestTask.java:141)&#13;
	at org.junit.platform.engine.support.hierarchical.Node.around(Node.java:137)&#13;
	at org.junit.platform.engine.support.hierarchical.NodeTestTask.lambda$executeRecursively$9(NodeTestTask.java:139)&#13;
	at org.junit.platform.engine.support.hierarchical.ThrowableCollector.execute(ThrowableCollector.java:73)&#13;
	at org.junit.platform.engine.support.hierarchical.NodeTestTask.executeRecursively(NodeTestTask.java:138)&#13;
	at org.junit.platform.engine.support.hierarchical.NodeTestTask.execute(NodeTestTask.java:95)&#13;
	at java.base/java.util.ArrayList.forEach(ArrayList.java:1541)&#13;
	at org.junit.platform.engine.support.hierarchical.SameThreadHierarchicalTestExecutorService.invokeAll(SameThreadHierarchicalTestExecutorService.java:41)&#13;
	at org.junit.platform.engine.support.hierarchical.NodeTestTask.lambda$executeRecursively$6(NodeTestTask.java:155)&#13;
	at org.junit.platform.engine.support.hierarchical.ThrowableCollector.execute(ThrowableCollector.java:73)&#13;
	at org.junit.platform.engine.support.hierarchical.NodeTestTask.lambda$executeRecursively$8(NodeTestTask.java:141)&#13;
	at org.junit.platform.engine.support.hierarchical.Node.around(Node.java:137)&#13;
	at org.junit.platform.engine.support.hierarchical.NodeTestTask.lambda$executeRecursively$9(NodeTestTask.java:139)&#13;
	at org.junit.platform.engine.support.hierarchical.ThrowableCollector.execute(ThrowableCollector.java:73)&#13;
	at org.junit.platform.engine.support.hierarchical.NodeTestTask.executeRecursively(NodeTestTask.java:138)&#13;
	at org.junit.platform.engine.support.hierarchical.NodeTestTask.execute(NodeTestTask.java:95)&#13;
	at java.base/java.util.ArrayList.forEach(ArrayList.java:1541)&#13;
	at org.junit.platform.engine.support.hierarchical.SameThreadHierarchicalTestExecutorService.invokeAll(SameThreadHierarchicalTestExecutorService.java:41)&#13;
	at org.junit.platform.engine.support.hierarchical.NodeTestTask.lambda$executeRecursively$6(NodeTestTask.java:155)&#13;
	at org.junit.platform.engine.support.hierarchical.ThrowableCollector.execute(ThrowableCollector.java:73)&#13;
	at org.junit.platform.engine.support.hierarchical.NodeTestTask.lambda$executeRecursively$8(NodeTestTask.java:141)&#13;
	at org.junit.platform.engine.support.hierarchical.Node.around(Node.java:137)&#13;
	at org.junit.platform.engine.support.hierarchical.NodeTestTask.lambda$executeRecursively$9(NodeTestTask.java:139)&#13;
	at org.junit.platform.engine.support.hierarchical.ThrowableCollector.execute(ThrowableCollector.java:73)&#13;
	at org.junit.platform.engine.support.hierarchical.NodeTestTask.executeRecursively(NodeTestTask.java:138)&#13;
	at org.junit.platform.engine.support.hierarchical.NodeTestTask.execute(NodeTestTask.java:95)&#13;
	at org.junit.platform.engine.support.hierarchical.SameThreadHierarchicalTestExecutorService.submit(SameThreadHierarchicalTestExecutorService.java:35)&#13;
	at org.junit.platform.engine.support.hierarchical.HierarchicalTestExecutor.execute(HierarchicalTestExecutor.java:57)&#13;
	at org.junit.platform.engine.support.hierarchical.HierarchicalTestEngine.execute(HierarchicalTestEngine.java:54)&#13;
	at org.junit.platform.launcher.core.DefaultLauncher.execute(DefaultLauncher.java:229)&#13;
	at org.junit.platform.launcher.core.DefaultLauncher.lambda$execute$6(DefaultLauncher.java:197)&#13;
	at org.junit.platform.launcher.core.DefaultLauncher.withInterceptedStreams(DefaultLauncher.java:211)&#13;
	at org.junit.platform.launcher.core.DefaultLauncher.execute(DefaultLauncher.java:191)&#13;
	at org.junit.platform.launcher.core.DefaultLauncher.execute(DefaultLauncher.java:137)&#13;
	at org.eclipse.jdt.internal.junit5.runner.JUnit5TestReference.run(JUnit5TestReference.java:89)&#13;
	at org.eclipse.jdt.internal.junit.runner.TestExecution.run(TestExecution.java:41)&#13;
	at org.eclipse.jdt.internal.junit.runner.RemoteTestRunner.runTests(RemoteTestRunner.java:541)&#13;
	at org.eclipse.jdt.internal.junit.runner.RemoteTestRunner.runTests(RemoteTestRunner.java:763)&#13;
	at org.eclipse.jdt.internal.junit.runner.RemoteTestRunner.run(RemoteTestRunner.java:463)&#13;
	at org.eclipse.jdt.internal.junit.runner.RemoteTestRunner.main(RemoteTestRunner.java:209)&#13;
&#13;
</error>
    </testcase>
    <testcase name="testBuyBooksSuccessByNewReader" classname="com.bookservice.controller.ReaderControllerTest" time="0.005" displayname="testBuyBooksSuccessByNewReader()" uniqueid="[engine:junit-jupiter]/[class:com.bookservice.controller.ReaderControllerTest]/[method:testBuyBooksSuccessByNewReader()]"/>
    <testcase name="testBuyBooksSuccessByExistingReader" classname="com.bookservice.controller.ReaderControllerTest" time="0.004" displayname="testBuyBooksSuccessByExistingReader()" uniqueid="[engine:junit-jupiter]/[class:com.bookservice.controller.ReaderControllerTest]/[method:testBuyBooksSuccessByExistingReader()]"/>
    <testcase name="testBuyBooksFailByInvalidBook" classname="com.bookservice.controller.ReaderControllerTest" time="10.052" displayname="testBuyBooksFailByInvalidBook()" uniqueid="[engine:junit-jupiter]/[class:com.bookservice.controller.ReaderControllerTest]/[method:testBuyBooksFailByInvalidBook()]"/>
  </testsuite>
  <testsuite name="com.bookservice.BookserviceApplicationTests" time="0.032" displayname="BookserviceApplicationTests" uniqueid="[engine:junit-jupiter]/[class:com.bookservice.BookserviceApplicationTests]">
    <testcase name="contextLoads" classname="com.bookservice.BookserviceApplicationTests" time="0.032" displayname="contextLoads()" uniqueid="[engine:junit-jupiter]/[class:com.bookservice.BookserviceApplicationTests]/[method:contextLoads()]"/>
  </testsuite>
  <testsuite name="com.bookservice.entity.ReaderTest" time="0.008" displayname="ReaderTest" uniqueid="[engine:junit-jupiter]/[class:com.bookservice.entity.ReaderTest]">
    <testcase name="testToString" classname="com.bookservice.entity.ReaderTest" time="0.003" displayname="testToString()" uniqueid="[engine:junit-jupiter]/[class:com.bookservice.entity.ReaderTest]/[method:testToString()]"/>
    <testcase name="testEqualsObject" classname="com.bookservice.entity.ReaderTest" time="0.002" displayname="testEqualsObject()" uniqueid="[engine:junit-jupiter]/[class:com.bookservice.entity.ReaderTest]/[method:testEqualsObject()]"/>
    <testcase name="testHashCode" classname="com.bookservice.entity.ReaderTest" time="0.003" displayname="testHashCode()" uniqueid="[engine:junit-jupiter]/[class:com.bookservice.entity.ReaderTest]/[method:testHashCode()]"/>
  </testsuite>
  <testsuite name="com.bookservice.entity.BookTest" time="0.006" displayname="BookTest" uniqueid="[engine:junit-jupiter]/[class:com.bookservice.entity.BookTest]">
    <testcase name="testToString" classname="com.bookservice.entity.BookTest" time="0.002" displayname="testToString()" uniqueid="[engine:junit-jupiter]/[class:com.bookservice.entity.BookTest]/[method:testToString()]"/>
    <testcase name="testEqualsObject" classname="com.bookservice.entity.BookTest" time="0.002" displayname="testEqualsObject()" uniqueid="[engine:junit-jupiter]/[class:com.bookservice.entity.BookTest]/[method:testEqualsObject()]"/>
    <testcase name="testHashCode" classname="com.bookservice.entity.BookTest" time="0.002" displayname="testHashCode()" uniqueid="[engine:junit-jupiter]/[class:com.bookservice.entity.BookTest]/[method:testHashCode()]"/>
  </testsuite>
  <testsuite name="com.bookservice.entity.AuthorTest" time="0.119" displayname="AuthorTest" uniqueid="[engine:junit-jupiter]/[class:com.bookservice.entity.AuthorTest]">
    <testcase name="testToString" classname="com.bookservice.entity.AuthorTest" time="0.001" displayname="testToString()" uniqueid="[engine:junit-jupiter]/[class:com.bookservice.entity.AuthorTest]/[method:testToString()]"/>
    <testcase name="testEqualsObject" classname="com.bookservice.entity.AuthorTest" time="0.001" displayname="testEqualsObject()" uniqueid="[engine:junit-jupiter]/[class:com.bookservice.entity.AuthorTest]/[method:testEqualsObject()]"/>
    <testcase name="testHashCode" classname="com.bookservice.entity.AuthorTest" time="0.117" displayname="testHashCode()" uniqueid="[engine:junit-jupiter]/[class:com.bookservice.entity.AuthorTest]/[method:testHashCode()]"/>
  </testsuite>
  <testsuite name="com.hnt.BookServiceApplicationTests" time="0.009" displayname="BookServiceApplicationTests" uniqueid="[engine:junit-jupiter]/[class:com.hnt.BookServiceApplicationTests]">
    <testcase name="contextLoads" classname="com.hnt.BookServiceApplicationTests" time="0.009" displayname="contextLoads()" uniqueid="[engine:junit-jupiter]/[class:com.hnt.BookServiceApplicationTests]/[method:contextLoads()]"/>
  </testsuite>
  <testsuite name="com.bookservice.request.BuyBookRequestTest" time="0.004" displayname="BuyBookRequestTest" uniqueid="[engine:junit-jupiter]/[class:com.bookservice.request.BuyBookRequestTest]">
    <testcase name="testToString" classname="com.bookservice.request.BuyBookRequestTest" time="0.001" displayname="testToString()" uniqueid="[engine:junit-jupiter]/[class:com.bookservice.request.BuyBookRequestTest]/[method:testToString()]"/>
    <testcase name="testEqualsObject" classname="com.bookservice.request.BuyBookRequestTest" time="0.001" displayname="testEqualsObject()" uniqueid="[engine:junit-jupiter]/[class:com.bookservice.request.BuyBookRequestTest]/[method:testEqualsObject()]"/>
    <testcase name="testHashCode" classname="com.bookservice.request.BuyBookRequestTest" time="0.002" displayname="testHashCode()" uniqueid="[engine:junit-jupiter]/[class:com.bookservice.request.BuyBookRequestTest]/[method:testHashCode()]"/>
  </testsuite>
  <testsuite name="com.bookservice.request.LoginRequestTest" time="0.002" displayname="LoginRequestTest" uniqueid="[engine:junit-jupiter]/[class:com.bookservice.request.LoginRequestTest]">
    <testcase name="testToString" classname="com.bookservice.request.LoginRequestTest" time="0.0" displayname="testToString()" uniqueid="[engine:junit-jupiter]/[class:com.bookservice.request.LoginRequestTest]/[method:testToString()]"/>
    <testcase name="testEqualsObject" classname="com.bookservice.request.LoginRequestTest" time="0.001" displayname="testEqualsObject()" uniqueid="[engine:junit-jupiter]/[class:com.bookservice.request.LoginRequestTest]/[method:testEqualsObject()]"/>
    <testcase name="testHashCode" classname="com.bookservice.request.LoginRequestTest" time="0.001" displayname="testHashCode()" uniqueid="[engine:junit-jupiter]/[class:com.bookservice.request.LoginRequestTest]/[method:testHashCode()]"/>
  </testsuite>
</testrun>
