<?xml version="1.0" encoding="UTF-8"?><testrun name="java" project="bookservice" tests="57" started="57" failures="0" errors="2" ignored="0">
  <testsuite name="com.bookservice.controller.LoginControllerTest" time="1.383" displayname="LoginControllerTest" uniqueid="[engine:junit-jupiter]/[class:com.bookservice.controller.LoginControllerTest]">
    <testcase name="testAuthenticateAuthorSignInSuccess" classname="com.bookservice.controller.LoginControllerTest" time="1.332" displayname="testAuthenticateAuthorSignInSuccess()" uniqueid="[engine:junit-jupiter]/[class:com.bookservice.controller.LoginControllerTest]/[method:testAuthenticateAuthorSignInSuccess()]"/>
    <testcase name="testSignoutAuthorFailByNotLoggedIn" classname="com.bookservice.controller.LoginControllerTest" time="0.003" displayname="testSignoutAuthorFailByNotLoggedIn()" uniqueid="[engine:junit-jupiter]/[class:com.bookservice.controller.LoginControllerTest]/[method:testSignoutAuthorFailByNotLoggedIn()]"/>
    <testcase name="testSignoutAuthor" classname="com.bookservice.controller.LoginControllerTest" time="0.006" displayname="testSignoutAuthor()" uniqueid="[engine:junit-jupiter]/[class:com.bookservice.controller.LoginControllerTest]/[method:testSignoutAuthor()]"/>
    <testcase name="testSignupAuthorFailByAuthorEmailExists" classname="com.bookservice.controller.LoginControllerTest" time="0.005" displayname="testSignupAuthorFailByAuthorEmailExists()" uniqueid="[engine:junit-jupiter]/[class:com.bookservice.controller.LoginControllerTest]/[method:testSignupAuthorFailByAuthorEmailExists()]"/>
    <testcase name="testSignupAuthorFailByAuthorNameExists" classname="com.bookservice.controller.LoginControllerTest" time="0.003" displayname="testSignupAuthorFailByAuthorNameExists()" uniqueid="[engine:junit-jupiter]/[class:com.bookservice.controller.LoginControllerTest]/[method:testSignupAuthorFailByAuthorNameExists()]"/>
    <testcase name="testSignoutAuthorFailByAuthorNotExists" classname="com.bookservice.controller.LoginControllerTest" time="0.005" displayname="testSignoutAuthorFailByAuthorNotExists()" uniqueid="[engine:junit-jupiter]/[class:com.bookservice.controller.LoginControllerTest]/[method:testSignoutAuthorFailByAuthorNotExists()]"/>
    <testcase name="testSignupAuthorSuccess" classname="com.bookservice.controller.LoginControllerTest" time="0.011" displayname="testSignupAuthorSuccess()" uniqueid="[engine:junit-jupiter]/[class:com.bookservice.controller.LoginControllerTest]/[method:testSignupAuthorSuccess()]">
      <error>java.lang.NullPointerException&#13;
	at com.bookservice.controller.LoginController.signupAuthor(LoginController.java:67)&#13;
	at com.bookservice.controller.LoginControllerTest.testSignupAuthorSuccess(LoginControllerTest.java:128)&#13;
	at java.base/jdk.internal.reflect.NativeMethodAccessorImpl.invoke0(Native Method)&#13;
	at java.base/jdk.internal.reflect.NativeMethodAccessorImpl.invoke(NativeMethodAccessorImpl.java:62)&#13;
	at java.base/jdk.internal.reflect.DelegatingMethodAccessorImpl.invoke(DelegatingMethodAccessorImpl.java:43)&#13;
	at java.base/java.lang.reflect.Method.invoke(Method.java:566)&#13;
	at org.junit.platform.commons.util.ReflectionUtils.invokeMethod(ReflectionUtils.java:725)&#13;
	at org.junit.jupiter.engine.execution.MethodInvocation.proceed(MethodInvocation.java:60)&#13;
	at org.junit.jupiter.engine.execution.InvocationInterceptorChain$ValidatingInvocation.proceed(InvocationInterceptorChain.java:131)&#13;
	at org.junit.jupiter.engine.extension.TimeoutExtension.intercept(TimeoutExtension.java:149)&#13;
	at org.junit.jupiter.engine.extension.TimeoutExtension.interceptTestableMethod(TimeoutExtension.java:140)&#13;
	at org.junit.jupiter.engine.extension.TimeoutExtension.interceptTestMethod(TimeoutExtension.java:84)&#13;
	at org.junit.jupiter.engine.execution.ExecutableInvoker$ReflectiveInterceptorCall.lambda$ofVoidMethod$0(ExecutableInvoker.java:115)&#13;
	at org.junit.jupiter.engine.execution.ExecutableInvoker.lambda$invoke$0(ExecutableInvoker.java:105)&#13;
	at org.junit.jupiter.engine.execution.InvocationInterceptorChain$InterceptedInvocation.proceed(InvocationInterceptorChain.java:106)&#13;
	at org.junit.jupiter.engine.execution.InvocationInterceptorChain.proceed(InvocationInterceptorChain.java:64)&#13;
	at org.junit.jupiter.engine.execution.InvocationInterceptorChain.chainAndInvoke(InvocationInterceptorChain.java:45)&#13;
	at org.junit.jupiter.engine.execution.InvocationInterceptorChain.invoke(InvocationInterceptorChain.java:37)&#13;
	at org.junit.jupiter.engine.execution.ExecutableInvoker.invoke(ExecutableInvoker.java:104)&#13;
	at org.junit.jupiter.engine.execution.ExecutableInvoker.invoke(ExecutableInvoker.java:98)&#13;
	at org.junit.jupiter.engine.descriptor.TestMethodTestDescriptor.lambda$invokeTestMethod$7(TestMethodTestDescriptor.java:214)&#13;
	at org.junit.platform.engine.support.hierarchical.ThrowableCollector.execute(ThrowableCollector.java:73)&#13;
	at org.junit.jupiter.engine.descriptor.TestMethodTestDescriptor.invokeTestMethod(TestMethodTestDescriptor.java:210)&#13;
	at org.junit.jupiter.engine.descriptor.TestMethodTestDescriptor.execute(TestMethodTestDescriptor.java:135)&#13;
	at org.junit.jupiter.engine.descriptor.TestMethodTestDescriptor.execute(TestMethodTestDescriptor.java:66)&#13;
	at org.junit.platform.engine.support.hierarchical.NodeTestTask.lambda$executeRecursively$6(NodeTestTask.java:151)&#13;
	at org.junit.platform.engine.support.hierarchical.ThrowableCollector.execute(ThrowableCollector.java:73)&#13;
	at org.junit.platform.engine.support.hierarchical.NodeTestTask.lambda$executeRecursively$8(NodeTestTask.java:141)&#13;
	at org.junit.platform.engine.support.hierarchical.Node.around(Node.java:137)&#13;
	at org.junit.platform.engine.support.hierarchical.NodeTestTask.lambda$executeRecursively$9(NodeTestTask.java:139)&#13;
	at org.junit.platform.engine.support.hierarchical.ThrowableCollector.execute(ThrowableCollector.java:73)&#13;
	at org.junit.platform.engine.support.hierarchical.NodeTestTask.executeRecursively(NodeTestTask.java:138)&#13;
	at org.junit.platform.engine.support.hierarchical.NodeTestTask.execute(NodeTestTask.java:95)&#13;
	at java.base/java.util.ArrayList.forEach(ArrayList.java:1541)&#13;
	at org.junit.platform.engine.support.hierarchical.SameThreadHierarchicalTestExecutorService.invokeAll(SameThreadHierarchicalTestExecutorService.java:41)&#13;
	at org.junit.platform.engine.support.hierarchical.NodeTestTask.lambda$executeRecursively$6(NodeTestTask.java:155)&#13;
	at org.junit.platform.engine.support.hierarchical.ThrowableCollector.execute(ThrowableCollector.java:73)&#13;
	at org.junit.platform.engine.support.hierarchical.NodeTestTask.lambda$executeRecursively$8(NodeTestTask.java:141)&#13;
	at org.junit.platform.engine.support.hierarchical.Node.around(Node.java:137)&#13;
	at org.junit.platform.engine.support.hierarchical.NodeTestTask.lambda$executeRecursively$9(NodeTestTask.java:139)&#13;
	at org.junit.platform.engine.support.hierarchical.ThrowableCollector.execute(ThrowableCollector.java:73)&#13;
	at org.junit.platform.engine.support.hierarchical.NodeTestTask.executeRecursively(NodeTestTask.java:138)&#13;
	at org.junit.platform.engine.support.hierarchical.NodeTestTask.execute(NodeTestTask.java:95)&#13;
	at java.base/java.util.ArrayList.forEach(ArrayList.java:1541)&#13;
	at org.junit.platform.engine.support.hierarchical.SameThreadHierarchicalTestExecutorService.invokeAll(SameThreadHierarchicalTestExecutorService.java:41)&#13;
	at org.junit.platform.engine.support.hierarchical.NodeTestTask.lambda$executeRecursively$6(NodeTestTask.java:155)&#13;
	at org.junit.platform.engine.support.hierarchical.ThrowableCollector.execute(ThrowableCollector.java:73)&#13;
	at org.junit.platform.engine.support.hierarchical.NodeTestTask.lambda$executeRecursively$8(NodeTestTask.java:141)&#13;
	at org.junit.platform.engine.support.hierarchical.Node.around(Node.java:137)&#13;
	at org.junit.platform.engine.support.hierarchical.NodeTestTask.lambda$executeRecursively$9(NodeTestTask.java:139)&#13;
	at org.junit.platform.engine.support.hierarchical.ThrowableCollector.execute(ThrowableCollector.java:73)&#13;
	at org.junit.platform.engine.support.hierarchical.NodeTestTask.executeRecursively(NodeTestTask.java:138)&#13;
	at org.junit.platform.engine.support.hierarchical.NodeTestTask.execute(NodeTestTask.java:95)&#13;
	at org.junit.platform.engine.support.hierarchical.SameThreadHierarchicalTestExecutorService.submit(SameThreadHierarchicalTestExecutorService.java:35)&#13;
	at org.junit.platform.engine.support.hierarchical.HierarchicalTestExecutor.execute(HierarchicalTestExecutor.java:57)&#13;
	at org.junit.platform.engine.support.hierarchical.HierarchicalTestEngine.execute(HierarchicalTestEngine.java:54)&#13;
	at org.junit.platform.launcher.core.DefaultLauncher.execute(DefaultLauncher.java:229)&#13;
	at org.junit.platform.launcher.core.DefaultLauncher.lambda$execute$6(DefaultLauncher.java:197)&#13;
	at org.junit.platform.launcher.core.DefaultLauncher.withInterceptedStreams(DefaultLauncher.java:211)&#13;
	at org.junit.platform.launcher.core.DefaultLauncher.execute(DefaultLauncher.java:191)&#13;
	at org.junit.platform.launcher.core.DefaultLauncher.execute(DefaultLauncher.java:137)&#13;
	at org.eclipse.jdt.internal.junit5.runner.JUnit5TestReference.run(JUnit5TestReference.java:89)&#13;
	at org.eclipse.jdt.internal.junit.runner.TestExecution.run(TestExecution.java:41)&#13;
	at org.eclipse.jdt.internal.junit.runner.RemoteTestRunner.runTests(RemoteTestRunner.java:541)&#13;
	at org.eclipse.jdt.internal.junit.runner.RemoteTestRunner.runTests(RemoteTestRunner.java:763)&#13;
	at org.eclipse.jdt.internal.junit.runner.RemoteTestRunner.run(RemoteTestRunner.java:463)&#13;
	at org.eclipse.jdt.internal.junit.runner.RemoteTestRunner.main(RemoteTestRunner.java:209)&#13;
&#13;
</error>
    </testcase>
    <testcase name="testAuthenticateAuthorFailByInvalidPassword" classname="com.bookservice.controller.LoginControllerTest" time="0.004" displayname="testAuthenticateAuthorFailByInvalidPassword()" uniqueid="[engine:junit-jupiter]/[class:com.bookservice.controller.LoginControllerTest]/[method:testAuthenticateAuthorFailByInvalidPassword()]"/>
    <testcase name="testAuthenticateAuthorFailByWrongAuthorName" classname="com.bookservice.controller.LoginControllerTest" time="0.003" displayname="testAuthenticateAuthorFailByWrongAuthorName()" uniqueid="[engine:junit-jupiter]/[class:com.bookservice.controller.LoginControllerTest]/[method:testAuthenticateAuthorFailByWrongAuthorName()]"/>
    <testcase name="testAuthenticateAuthorFailByAuthorNameNotExists" classname="com.bookservice.controller.LoginControllerTest" time="0.01" displayname="testAuthenticateAuthorFailByAuthorNameNotExists()" uniqueid="[engine:junit-jupiter]/[class:com.bookservice.controller.LoginControllerTest]/[method:testAuthenticateAuthorFailByAuthorNameNotExists()]"/>
  </testsuite>
  <testsuite name="com.bookservice.controller.BookControllerTest" time="0.11" displayname="BookControllerTest" uniqueid="[engine:junit-jupiter]/[class:com.bookservice.controller.BookControllerTest]">
    <testcase name="testCreateBookFailByInvalidAuthor" classname="com.bookservice.controller.BookControllerTest" time="0.07" displayname="testCreateBookFailByInvalidAuthor()" uniqueid="[engine:junit-jupiter]/[class:com.bookservice.controller.BookControllerTest]/[method:testCreateBookFailByInvalidAuthor()]"/>
    <testcase name="CreateBookFailByException" classname="com.bookservice.controller.BookControllerTest" time="0.002" displayname="CreateBookFailByException()" uniqueid="[engine:junit-jupiter]/[class:com.bookservice.controller.BookControllerTest]/[method:CreateBookFailByException()]"/>
    <testcase name="testGetAllBooks" classname="com.bookservice.controller.BookControllerTest" time="0.004" displayname="testGetAllBooks()" uniqueid="[engine:junit-jupiter]/[class:com.bookservice.controller.BookControllerTest]/[method:testGetAllBooks()]"/>
    <testcase name="testGetBooksByAuthorId" classname="com.bookservice.controller.BookControllerTest" time="0.004" displayname="testGetBooksByAuthorId()" uniqueid="[engine:junit-jupiter]/[class:com.bookservice.controller.BookControllerTest]/[method:testGetBooksByAuthorId()]"/>
    <testcase name="testUpdateBookSuccess" classname="com.bookservice.controller.BookControllerTest" time="0.004" displayname="testUpdateBookSuccess()" uniqueid="[engine:junit-jupiter]/[class:com.bookservice.controller.BookControllerTest]/[method:testUpdateBookSuccess()]"/>
    <testcase name="testUpdateBookFailByNotLoggedIn" classname="com.bookservice.controller.BookControllerTest" time="0.005" displayname="testUpdateBookFailByNotLoggedIn()" uniqueid="[engine:junit-jupiter]/[class:com.bookservice.controller.BookControllerTest]/[method:testUpdateBookFailByNotLoggedIn()]"/>
    <testcase name="testUpdateBookFailByInvalidBook" classname="com.bookservice.controller.BookControllerTest" time="0.002" displayname="testUpdateBookFailByInvalidBook()" uniqueid="[engine:junit-jupiter]/[class:com.bookservice.controller.BookControllerTest]/[method:testUpdateBookFailByInvalidBook()]"/>
    <testcase name="testCreateBookSuccess" classname="com.bookservice.controller.BookControllerTest" time="0.003" displayname="testCreateBookSuccess()" uniqueid="[engine:junit-jupiter]/[class:com.bookservice.controller.BookControllerTest]/[method:testCreateBookSuccess()]"/>
    <testcase name="testSearchBookNonEmptyFields" classname="com.bookservice.controller.BookControllerTest" time="0.004" displayname="testSearchBookNonEmptyFields()" uniqueid="[engine:junit-jupiter]/[class:com.bookservice.controller.BookControllerTest]/[method:testSearchBookNonEmptyFields()]"/>
    <testcase name="testCreateBookFailByNotLoggedIn" classname="com.bookservice.controller.BookControllerTest" time="0.003" displayname="testCreateBookFailByNotLoggedIn()" uniqueid="[engine:junit-jupiter]/[class:com.bookservice.controller.BookControllerTest]/[method:testCreateBookFailByNotLoggedIn()]"/>
    <testcase name="testUpdateBookFailByInvalidAuthor" classname="com.bookservice.controller.BookControllerTest" time="0.003" displayname="testUpdateBookFailByInvalidAuthor()" uniqueid="[engine:junit-jupiter]/[class:com.bookservice.controller.BookControllerTest]/[method:testUpdateBookFailByInvalidAuthor()]"/>
    <testcase name="testSearchBookByEmptyFields" classname="com.bookservice.controller.BookControllerTest" time="0.006" displayname="testSearchBookByEmptyFields()" uniqueid="[engine:junit-jupiter]/[class:com.bookservice.controller.BookControllerTest]/[method:testSearchBookByEmptyFields()]"/>
  </testsuite>
  <testsuite name="com.bookservice.controller.ReaderControllerTest" time="7.11" displayname="ReaderControllerTest" uniqueid="[engine:junit-jupiter]/[class:com.bookservice.controller.ReaderControllerTest]">
    <testcase name="testBuyBookFailByExistingReaderOrEmail" classname="com.bookservice.controller.ReaderControllerTest" time="0.066" displayname="testBuyBookFailByExistingReaderOrEmail()" uniqueid="[engine:junit-jupiter]/[class:com.bookservice.controller.ReaderControllerTest]/[method:testBuyBookFailByExistingReaderOrEmail()]"/>
    <testcase name="testGetBookByPaymentIdFailByInvalidPaymentId" classname="com.bookservice.controller.ReaderControllerTest" time="0.003" displayname="testGetBookByPaymentIdFailByInvalidPaymentId()" uniqueid="[engine:junit-jupiter]/[class:com.bookservice.controller.ReaderControllerTest]/[method:testGetBookByPaymentIdFailByInvalidPaymentId()]"/>
    <testcase name="testGetBookContentInvalidReader1" classname="com.bookservice.controller.ReaderControllerTest" time="0.004" displayname="testGetBookContentInvalidReader1()" uniqueid="[engine:junit-jupiter]/[class:com.bookservice.controller.ReaderControllerTest]/[method:testGetBookContentInvalidReader1()]"/>
    <testcase name="testBuyBookSuccessByNewReader" classname="com.bookservice.controller.ReaderControllerTest" time="0.004" displayname="testBuyBookSuccessByNewReader()" uniqueid="[engine:junit-jupiter]/[class:com.bookservice.controller.ReaderControllerTest]/[method:testBuyBookSuccessByNewReader()]"/>
    <testcase name="testGetBookByPaymentIdFailByInvalidEmail" classname="com.bookservice.controller.ReaderControllerTest" time="0.003" displayname="testGetBookByPaymentIdFailByInvalidEmail()" uniqueid="[engine:junit-jupiter]/[class:com.bookservice.controller.ReaderControllerTest]/[method:testGetBookByPaymentIdFailByInvalidEmail()]"/>
    <testcase name="testGetBookByPaymentIdSuccess" classname="com.bookservice.controller.ReaderControllerTest" time="0.004" displayname="testGetBookByPaymentIdSuccess()" uniqueid="[engine:junit-jupiter]/[class:com.bookservice.controller.ReaderControllerTest]/[method:testGetBookByPaymentIdSuccess()]"/>
    <testcase name="testGetRefundBookByBookIdFailByNotPurchased" classname="com.bookservice.controller.ReaderControllerTest" time="0.003" displayname="testGetRefundBookByBookIdFailByNotPurchased()" uniqueid="[engine:junit-jupiter]/[class:com.bookservice.controller.ReaderControllerTest]/[method:testGetRefundBookByBookIdFailByNotPurchased()]"/>
    <testcase name="testGetPurchasedBooks" classname="com.bookservice.controller.ReaderControllerTest" time="0.0" displayname="testGetPurchasedBooks()" uniqueid="[engine:junit-jupiter]/[class:com.bookservice.controller.ReaderControllerTest]/[method:testGetPurchasedBooks()]"/>
    <testcase name="testBuyBookFailByBookAlreadyPurchased" classname="com.bookservice.controller.ReaderControllerTest" time="0.003" displayname="testBuyBookFailByBookAlreadyPurchased()" uniqueid="[engine:junit-jupiter]/[class:com.bookservice.controller.ReaderControllerTest]/[method:testBuyBookFailByBookAlreadyPurchased()]"/>
    <testcase name="testBuyBookFailByInvalidBook" classname="com.bookservice.controller.ReaderControllerTest" time="0.003" displayname="testBuyBookFailByInvalidBook()" uniqueid="[engine:junit-jupiter]/[class:com.bookservice.controller.ReaderControllerTest]/[method:testBuyBookFailByInvalidBook()]"/>
    <testcase name="testGetPurchasedBooksFailByInvalidMail" classname="com.bookservice.controller.ReaderControllerTest" time="0.003" displayname="testGetPurchasedBooksFailByInvalidMail()" uniqueid="[engine:junit-jupiter]/[class:com.bookservice.controller.ReaderControllerTest]/[method:testGetPurchasedBooksFailByInvalidMail()]"/>
    <testcase name="testGetBookContentInvalidEmail" classname="com.bookservice.controller.ReaderControllerTest" time="0.002" displayname="testGetBookContentInvalidEmail()" uniqueid="[engine:junit-jupiter]/[class:com.bookservice.controller.ReaderControllerTest]/[method:testGetBookContentInvalidEmail()]"/>
    <testcase name="testGetBookContentSuccess" classname="com.bookservice.controller.ReaderControllerTest" time="0.002" displayname="testGetBookContentSuccess()" uniqueid="[engine:junit-jupiter]/[class:com.bookservice.controller.ReaderControllerTest]/[method:testGetBookContentSuccess()]"/>
    <testcase name="testGetRefundBookByBookIdFailByInvalidEmai" classname="com.bookservice.controller.ReaderControllerTest" time="0.002" displayname="testGetRefundBookByBookIdFailByInvalidEmai()" uniqueid="[engine:junit-jupiter]/[class:com.bookservice.controller.ReaderControllerTest]/[method:testGetRefundBookByBookIdFailByInvalidEmai()]"/>
    <testcase name="testGetBookContentFailByInvalidReader" classname="com.bookservice.controller.ReaderControllerTest" time="0.003" displayname="testGetBookContentFailByInvalidReader()" uniqueid="[engine:junit-jupiter]/[class:com.bookservice.controller.ReaderControllerTest]/[method:testGetBookContentFailByInvalidReader()]"/>
    <testcase name="testGetPurchasedBooksForZeroBooks" classname="com.bookservice.controller.ReaderControllerTest" time="0.002" displayname="testGetPurchasedBooksForZeroBooks()" uniqueid="[engine:junit-jupiter]/[class:com.bookservice.controller.ReaderControllerTest]/[method:testGetPurchasedBooksForZeroBooks()]"/>
    <testcase name="testGetRefundBookByBookId" classname="com.bookservice.controller.ReaderControllerTest" time="0.004" displayname="testGetRefundBookByBookId()" uniqueid="[engine:junit-jupiter]/[class:com.bookservice.controller.ReaderControllerTest]/[method:testGetRefundBookByBookId()]"/>
    <testcase name="testBuyBooksSuccessByExistingReader" classname="com.bookservice.controller.ReaderControllerTest" time="6.994" displayname="testBuyBooksSuccessByExistingReader()" uniqueid="[engine:junit-jupiter]/[class:com.bookservice.controller.ReaderControllerTest]/[method:testBuyBooksSuccessByExistingReader()]"/>
  </testsuite>
  <testsuite name="com.bookservice.BookserviceApplicationTests" time="0.001" displayname="BookserviceApplicationTests" uniqueid="[engine:junit-jupiter]/[class:com.bookservice.BookserviceApplicationTests]">
    <testcase name="contextLoads" classname="com.bookservice.BookserviceApplicationTests" time="0.001" displayname="contextLoads()" uniqueid="[engine:junit-jupiter]/[class:com.bookservice.BookserviceApplicationTests]/[method:contextLoads()]">
      <error>java.lang.IllegalStateException: Failed to load ApplicationContext&#13;
	at org.springframework.test.context.cache.DefaultCacheAwareContextLoaderDelegate.loadContext(DefaultCacheAwareContextLoaderDelegate.java:132)&#13;
	at org.springframework.test.context.support.DefaultTestContext.getApplicationContext(DefaultTestContext.java:124)&#13;
	at org.springframework.test.context.web.ServletTestExecutionListener.setUpRequestContextIfNecessary(ServletTestExecutionListener.java:190)&#13;
	at org.springframework.test.context.web.ServletTestExecutionListener.prepareTestInstance(ServletTestExecutionListener.java:132)&#13;
	at org.springframework.test.context.TestContextManager.prepareTestInstance(TestContextManager.java:248)&#13;
	at org.springframework.test.context.junit.jupiter.SpringExtension.postProcessTestInstance(SpringExtension.java:138)&#13;
	at org.junit.jupiter.engine.descriptor.ClassBasedTestDescriptor.lambda$invokeTestInstancePostProcessors$8(ClassBasedTestDescriptor.java:363)&#13;
	at org.junit.jupiter.engine.descriptor.ClassBasedTestDescriptor.executeAndMaskThrowable(ClassBasedTestDescriptor.java:368)&#13;
	at org.junit.jupiter.engine.descriptor.ClassBasedTestDescriptor.lambda$invokeTestInstancePostProcessors$9(ClassBasedTestDescriptor.java:363)&#13;
	at java.base/java.util.stream.ReferencePipeline$3$1.accept(ReferencePipeline.java:195)&#13;
	at java.base/java.util.stream.ReferencePipeline$2$1.accept(ReferencePipeline.java:177)&#13;
	at java.base/java.util.ArrayList$ArrayListSpliterator.forEachRemaining(ArrayList.java:1655)&#13;
	at java.base/java.util.stream.AbstractPipeline.copyInto(AbstractPipeline.java:484)&#13;
	at java.base/java.util.stream.AbstractPipeline.wrapAndCopyInto(AbstractPipeline.java:474)&#13;
	at java.base/java.util.stream.StreamSpliterators$WrappingSpliterator.forEachRemaining(StreamSpliterators.java:312)&#13;
	at java.base/java.util.stream.Streams$ConcatSpliterator.forEachRemaining(Streams.java:735)&#13;
	at java.base/java.util.stream.Streams$ConcatSpliterator.forEachRemaining(Streams.java:734)&#13;
	at java.base/java.util.stream.ReferencePipeline$Head.forEach(ReferencePipeline.java:658)&#13;
	at org.junit.jupiter.engine.descriptor.ClassBasedTestDescriptor.invokeTestInstancePostProcessors(ClassBasedTestDescriptor.java:362)&#13;
	at org.junit.jupiter.engine.descriptor.ClassBasedTestDescriptor.lambda$instantiateAndPostProcessTestInstance$6(ClassBasedTestDescriptor.java:283)&#13;
	at org.junit.platform.engine.support.hierarchical.ThrowableCollector.execute(ThrowableCollector.java:73)&#13;
	at org.junit.jupiter.engine.descriptor.ClassBasedTestDescriptor.instantiateAndPostProcessTestInstance(ClassBasedTestDescriptor.java:282)&#13;
	at org.junit.jupiter.engine.descriptor.ClassBasedTestDescriptor.lambda$testInstancesProvider$4(ClassBasedTestDescriptor.java:272)&#13;
	at java.base/java.util.Optional.orElseGet(Optional.java:369)&#13;
	at org.junit.jupiter.engine.descriptor.ClassBasedTestDescriptor.lambda$testInstancesProvider$5(ClassBasedTestDescriptor.java:271)&#13;
	at org.junit.jupiter.engine.execution.TestInstancesProvider.getTestInstances(TestInstancesProvider.java:31)&#13;
	at org.junit.jupiter.engine.descriptor.TestMethodTestDescriptor.lambda$prepare$0(TestMethodTestDescriptor.java:102)&#13;
	at org.junit.platform.engine.support.hierarchical.ThrowableCollector.execute(ThrowableCollector.java:73)&#13;
	at org.junit.jupiter.engine.descriptor.TestMethodTestDescriptor.prepare(TestMethodTestDescriptor.java:101)&#13;
	at org.junit.jupiter.engine.descriptor.TestMethodTestDescriptor.prepare(TestMethodTestDescriptor.java:66)&#13;
	at org.junit.platform.engine.support.hierarchical.NodeTestTask.lambda$prepare$2(NodeTestTask.java:123)&#13;
	at org.junit.platform.engine.support.hierarchical.ThrowableCollector.execute(ThrowableCollector.java:73)&#13;
	at org.junit.platform.engine.support.hierarchical.NodeTestTask.prepare(NodeTestTask.java:123)&#13;
	at org.junit.platform.engine.support.hierarchical.NodeTestTask.execute(NodeTestTask.java:90)&#13;
	at java.base/java.util.ArrayList.forEach(ArrayList.java:1541)&#13;
	at org.junit.platform.engine.support.hierarchical.SameThreadHierarchicalTestExecutorService.invokeAll(SameThreadHierarchicalTestExecutorService.java:41)&#13;
	at org.junit.platform.engine.support.hierarchical.NodeTestTask.lambda$executeRecursively$6(NodeTestTask.java:155)&#13;
	at org.junit.platform.engine.support.hierarchical.ThrowableCollector.execute(ThrowableCollector.java:73)&#13;
	at org.junit.platform.engine.support.hierarchical.NodeTestTask.lambda$executeRecursively$8(NodeTestTask.java:141)&#13;
	at org.junit.platform.engine.support.hierarchical.Node.around(Node.java:137)&#13;
	at org.junit.platform.engine.support.hierarchical.NodeTestTask.lambda$executeRecursively$9(NodeTestTask.java:139)&#13;
	at org.junit.platform.engine.support.hierarchical.ThrowableCollector.execute(ThrowableCollector.java:73)&#13;
	at org.junit.platform.engine.support.hierarchical.NodeTestTask.executeRecursively(NodeTestTask.java:138)&#13;
	at org.junit.platform.engine.support.hierarchical.NodeTestTask.execute(NodeTestTask.java:95)&#13;
	at java.base/java.util.ArrayList.forEach(ArrayList.java:1541)&#13;
	at org.junit.platform.engine.support.hierarchical.SameThreadHierarchicalTestExecutorService.invokeAll(SameThreadHierarchicalTestExecutorService.java:41)&#13;
	at org.junit.platform.engine.support.hierarchical.NodeTestTask.lambda$executeRecursively$6(NodeTestTask.java:155)&#13;
	at org.junit.platform.engine.support.hierarchical.ThrowableCollector.execute(ThrowableCollector.java:73)&#13;
	at org.junit.platform.engine.support.hierarchical.NodeTestTask.lambda$executeRecursively$8(NodeTestTask.java:141)&#13;
	at org.junit.platform.engine.support.hierarchical.Node.around(Node.java:137)&#13;
	at org.junit.platform.engine.support.hierarchical.NodeTestTask.lambda$executeRecursively$9(NodeTestTask.java:139)&#13;
	at org.junit.platform.engine.support.hierarchical.ThrowableCollector.execute(ThrowableCollector.java:73)&#13;
	at org.junit.platform.engine.support.hierarchical.NodeTestTask.executeRecursively(NodeTestTask.java:138)&#13;
	at org.junit.platform.engine.support.hierarchical.NodeTestTask.execute(NodeTestTask.java:95)&#13;
	at org.junit.platform.engine.support.hierarchical.SameThreadHierarchicalTestExecutorService.submit(SameThreadHierarchicalTestExecutorService.java:35)&#13;
	at org.junit.platform.engine.support.hierarchical.HierarchicalTestExecutor.execute(HierarchicalTestExecutor.java:57)&#13;
	at org.junit.platform.engine.support.hierarchical.HierarchicalTestEngine.execute(HierarchicalTestEngine.java:54)&#13;
	at org.junit.platform.launcher.core.DefaultLauncher.execute(DefaultLauncher.java:229)&#13;
	at org.junit.platform.launcher.core.DefaultLauncher.lambda$execute$6(DefaultLauncher.java:197)&#13;
	at org.junit.platform.launcher.core.DefaultLauncher.withInterceptedStreams(DefaultLauncher.java:211)&#13;
	at org.junit.platform.launcher.core.DefaultLauncher.execute(DefaultLauncher.java:191)&#13;
	at org.junit.platform.launcher.core.DefaultLauncher.execute(DefaultLauncher.java:137)&#13;
	at org.eclipse.jdt.internal.junit5.runner.JUnit5TestReference.run(JUnit5TestReference.java:89)&#13;
	at org.eclipse.jdt.internal.junit.runner.TestExecution.run(TestExecution.java:41)&#13;
	at org.eclipse.jdt.internal.junit.runner.RemoteTestRunner.runTests(RemoteTestRunner.java:541)&#13;
	at org.eclipse.jdt.internal.junit.runner.RemoteTestRunner.runTests(RemoteTestRunner.java:763)&#13;
	at org.eclipse.jdt.internal.junit.runner.RemoteTestRunner.run(RemoteTestRunner.java:463)&#13;
	at org.eclipse.jdt.internal.junit.runner.RemoteTestRunner.main(RemoteTestRunner.java:209)&#13;
Caused by: org.springframework.beans.factory.UnsatisfiedDependencyException: Error creating bean with name 'loginController': Unsatisfied dependency expressed through field 'encoder'; nested exception is org.springframework.beans.factory.NoSuchBeanDefinitionException: No qualifying bean of type 'org.springframework.security.crypto.password.PasswordEncoder' available: expected at least 1 bean which qualifies as autowire candidate. Dependency annotations: {@org.springframework.beans.factory.annotation.Autowired(required=true)}&#13;
	at org.springframework.beans.factory.annotation.AutowiredAnnotationBeanPostProcessor$AutowiredFieldElement.resolveFieldValue(AutowiredAnnotationBeanPostProcessor.java:659)&#13;
	at org.springframework.beans.factory.annotation.AutowiredAnnotationBeanPostProcessor$AutowiredFieldElement.inject(AutowiredAnnotationBeanPostProcessor.java:639)&#13;
	at org.springframework.beans.factory.annotation.InjectionMetadata.inject(InjectionMetadata.java:119)&#13;
	at org.springframework.beans.factory.annotation.AutowiredAnnotationBeanPostProcessor.postProcessProperties(AutowiredAnnotationBeanPostProcessor.java:399)&#13;
	at org.springframework.beans.factory.support.AbstractAutowireCapableBeanFactory.populateBean(AbstractAutowireCapableBeanFactory.java:1431)&#13;
	at org.springframework.beans.factory.support.AbstractAutowireCapableBeanFactory.doCreateBean(AbstractAutowireCapableBeanFactory.java:619)&#13;
	at org.springframework.beans.factory.support.AbstractAutowireCapableBeanFactory.createBean(AbstractAutowireCapableBeanFactory.java:542)&#13;
	at org.springframework.beans.factory.support.AbstractBeanFactory.lambda$doGetBean$0(AbstractBeanFactory.java:335)&#13;
	at org.springframework.beans.factory.support.DefaultSingletonBeanRegistry.getSingleton(DefaultSingletonBeanRegistry.java:234)&#13;
	at org.springframework.beans.factory.support.AbstractBeanFactory.doGetBean(AbstractBeanFactory.java:333)&#13;
	at org.springframework.beans.factory.support.AbstractBeanFactory.getBean(AbstractBeanFactory.java:208)&#13;
	at org.springframework.beans.factory.support.DefaultListableBeanFactory.preInstantiateSingletons(DefaultListableBeanFactory.java:955)&#13;
	at org.springframework.context.support.AbstractApplicationContext.finishBeanFactoryInitialization(AbstractApplicationContext.java:918)&#13;
	at org.springframework.context.support.AbstractApplicationContext.refresh(AbstractApplicationContext.java:583)&#13;
	at org.springframework.boot.SpringApplication.refresh(SpringApplication.java:734)&#13;
	at org.springframework.boot.SpringApplication.refreshContext(SpringApplication.java:408)&#13;
	at org.springframework.boot.SpringApplication.run(SpringApplication.java:308)&#13;
	at org.springframework.boot.test.context.SpringBootContextLoader.loadContext(SpringBootContextLoader.java:132)&#13;
	at org.springframework.test.context.cache.DefaultCacheAwareContextLoaderDelegate.loadContextInternal(DefaultCacheAwareContextLoaderDelegate.java:99)&#13;
	at org.springframework.test.context.cache.DefaultCacheAwareContextLoaderDelegate.loadContext(DefaultCacheAwareContextLoaderDelegate.java:124)&#13;
	... 67 more&#13;
Caused by: org.springframework.beans.factory.NoSuchBeanDefinitionException: No qualifying bean of type 'org.springframework.security.crypto.password.PasswordEncoder' available: expected at least 1 bean which qualifies as autowire candidate. Dependency annotations: {@org.springframework.beans.factory.annotation.Autowired(required=true)}&#13;
	at org.springframework.beans.factory.support.DefaultListableBeanFactory.raiseNoMatchingBeanFound(DefaultListableBeanFactory.java:1801)&#13;
	at org.springframework.beans.factory.support.DefaultListableBeanFactory.doResolveDependency(DefaultListableBeanFactory.java:1357)&#13;
	at org.springframework.beans.factory.support.DefaultListableBeanFactory.resolveDependency(DefaultListableBeanFactory.java:1311)&#13;
	at org.springframework.beans.factory.annotation.AutowiredAnnotationBeanPostProcessor$AutowiredFieldElement.resolveFieldValue(AutowiredAnnotationBeanPostProcessor.java:656)&#13;
	... 86 more&#13;
&#13;
</error>
    </testcase>
  </testsuite>
  <testsuite name="com.bookservice.entity.ReaderTest" time="0.006" displayname="ReaderTest" uniqueid="[engine:junit-jupiter]/[class:com.bookservice.entity.ReaderTest]">
    <testcase name="testToString" classname="com.bookservice.entity.ReaderTest" time="0.002" displayname="testToString()" uniqueid="[engine:junit-jupiter]/[class:com.bookservice.entity.ReaderTest]/[method:testToString()]"/>
    <testcase name="testEqualsObject" classname="com.bookservice.entity.ReaderTest" time="0.002" displayname="testEqualsObject()" uniqueid="[engine:junit-jupiter]/[class:com.bookservice.entity.ReaderTest]/[method:testEqualsObject()]"/>
    <testcase name="testHashCode" classname="com.bookservice.entity.ReaderTest" time="0.002" displayname="testHashCode()" uniqueid="[engine:junit-jupiter]/[class:com.bookservice.entity.ReaderTest]/[method:testHashCode()]"/>
  </testsuite>
  <testsuite name="com.bookservice.entity.BookTest" time="0.002" displayname="BookTest" uniqueid="[engine:junit-jupiter]/[class:com.bookservice.entity.BookTest]">
    <testcase name="testToString" classname="com.bookservice.entity.BookTest" time="0.001" displayname="testToString()" uniqueid="[engine:junit-jupiter]/[class:com.bookservice.entity.BookTest]/[method:testToString()]"/>
    <testcase name="testEqualsObject" classname="com.bookservice.entity.BookTest" time="0.0" displayname="testEqualsObject()" uniqueid="[engine:junit-jupiter]/[class:com.bookservice.entity.BookTest]/[method:testEqualsObject()]"/>
    <testcase name="testHashCode" classname="com.bookservice.entity.BookTest" time="0.001" displayname="testHashCode()" uniqueid="[engine:junit-jupiter]/[class:com.bookservice.entity.BookTest]/[method:testHashCode()]"/>
  </testsuite>
  <testsuite name="com.bookservice.entity.AuthorTest" time="0.127" displayname="AuthorTest" uniqueid="[engine:junit-jupiter]/[class:com.bookservice.entity.AuthorTest]">
    <testcase name="testToString" classname="com.bookservice.entity.AuthorTest" time="0.0" displayname="testToString()" uniqueid="[engine:junit-jupiter]/[class:com.bookservice.entity.AuthorTest]/[method:testToString()]"/>
    <testcase name="testEqualsObject" classname="com.bookservice.entity.AuthorTest" time="0.001" displayname="testEqualsObject()" uniqueid="[engine:junit-jupiter]/[class:com.bookservice.entity.AuthorTest]/[method:testEqualsObject()]"/>
    <testcase name="testHashCode" classname="com.bookservice.entity.AuthorTest" time="0.126" displayname="testHashCode()" uniqueid="[engine:junit-jupiter]/[class:com.bookservice.entity.AuthorTest]/[method:testHashCode()]"/>
  </testsuite>
  <testsuite name="com.hnt.BookServiceApplicationTests" time="0.02" displayname="BookServiceApplicationTests" uniqueid="[engine:junit-jupiter]/[class:com.hnt.BookServiceApplicationTests]">
    <testcase name="contextLoads" classname="com.hnt.BookServiceApplicationTests" time="0.02" displayname="contextLoads()" uniqueid="[engine:junit-jupiter]/[class:com.hnt.BookServiceApplicationTests]/[method:contextLoads()]"/>
  </testsuite>
  <testsuite name="com.bookservice.request.BuyBookRequestTest" time="0.003" displayname="BuyBookRequestTest" uniqueid="[engine:junit-jupiter]/[class:com.bookservice.request.BuyBookRequestTest]">
    <testcase name="testToString" classname="com.bookservice.request.BuyBookRequestTest" time="0.001" displayname="testToString()" uniqueid="[engine:junit-jupiter]/[class:com.bookservice.request.BuyBookRequestTest]/[method:testToString()]"/>
    <testcase name="testEqualsObject" classname="com.bookservice.request.BuyBookRequestTest" time="0.001" displayname="testEqualsObject()" uniqueid="[engine:junit-jupiter]/[class:com.bookservice.request.BuyBookRequestTest]/[method:testEqualsObject()]"/>
    <testcase name="testHashCode" classname="com.bookservice.request.BuyBookRequestTest" time="0.001" displayname="testHashCode()" uniqueid="[engine:junit-jupiter]/[class:com.bookservice.request.BuyBookRequestTest]/[method:testHashCode()]"/>
  </testsuite>
  <testsuite name="com.bookservice.request.LoginRequestTest" time="0.001" displayname="LoginRequestTest" uniqueid="[engine:junit-jupiter]/[class:com.bookservice.request.LoginRequestTest]">
    <testcase name="testToString" classname="com.bookservice.request.LoginRequestTest" time="0.0" displayname="testToString()" uniqueid="[engine:junit-jupiter]/[class:com.bookservice.request.LoginRequestTest]/[method:testToString()]"/>
    <testcase name="testEqualsObject" classname="com.bookservice.request.LoginRequestTest" time="0.001" displayname="testEqualsObject()" uniqueid="[engine:junit-jupiter]/[class:com.bookservice.request.LoginRequestTest]/[method:testEqualsObject()]"/>
    <testcase name="testHashCode" classname="com.bookservice.request.LoginRequestTest" time="0.0" displayname="testHashCode()" uniqueid="[engine:junit-jupiter]/[class:com.bookservice.request.LoginRequestTest]/[method:testHashCode()]"/>
  </testsuite>
</testrun>
