<?xml version="1.0" encoding="UTF-8"?><testrun name="java" project="bookservice" tests="42" started="42" failures="4" errors="0" ignored="0">
  <testsuite name="com.bookservice.controller.LoginControllerTest" time="3.232" displayname="LoginControllerTest" uniqueid="[engine:junit-jupiter]/[class:com.bookservice.controller.LoginControllerTest]">
    <testcase name="testAuthenticateAuthorSignInSuccess" classname="com.bookservice.controller.LoginControllerTest" time="3.168" displayname="testAuthenticateAuthorSignInSuccess()" uniqueid="[engine:junit-jupiter]/[class:com.bookservice.controller.LoginControllerTest]/[method:testAuthenticateAuthorSignInSuccess()]"/>
    <testcase name="testSignoutAuthorFailByNotLoggedIn" classname="com.bookservice.controller.LoginControllerTest" time="0.006" displayname="testSignoutAuthorFailByNotLoggedIn()" uniqueid="[engine:junit-jupiter]/[class:com.bookservice.controller.LoginControllerTest]/[method:testSignoutAuthorFailByNotLoggedIn()]"/>
    <testcase name="testSignoutAuthor" classname="com.bookservice.controller.LoginControllerTest" time="0.005" displayname="testSignoutAuthor()" uniqueid="[engine:junit-jupiter]/[class:com.bookservice.controller.LoginControllerTest]/[method:testSignoutAuthor()]"/>
    <testcase name="testSignupAuthorFailByAuthorEmailExists" classname="com.bookservice.controller.LoginControllerTest" time="0.007" displayname="testSignupAuthorFailByAuthorEmailExists()" uniqueid="[engine:junit-jupiter]/[class:com.bookservice.controller.LoginControllerTest]/[method:testSignupAuthorFailByAuthorEmailExists()]"/>
    <testcase name="testSignupAuthorFailByAuthorNameExists" classname="com.bookservice.controller.LoginControllerTest" time="0.006" displayname="testSignupAuthorFailByAuthorNameExists()" uniqueid="[engine:junit-jupiter]/[class:com.bookservice.controller.LoginControllerTest]/[method:testSignupAuthorFailByAuthorNameExists()]"/>
    <testcase name="testSignoutAuthorFailByAuthorNotExists" classname="com.bookservice.controller.LoginControllerTest" time="0.006" displayname="testSignoutAuthorFailByAuthorNotExists()" uniqueid="[engine:junit-jupiter]/[class:com.bookservice.controller.LoginControllerTest]/[method:testSignoutAuthorFailByAuthorNotExists()]"/>
    <testcase name="testSignupAuthorSuccess" classname="com.bookservice.controller.LoginControllerTest" time="0.007" displayname="testSignupAuthorSuccess()" uniqueid="[engine:junit-jupiter]/[class:com.bookservice.controller.LoginControllerTest]/[method:testSignupAuthorSuccess()]"/>
    <testcase name="testAuthenticateAuthorFailByInvalidPassword" classname="com.bookservice.controller.LoginControllerTest" time="0.007" displayname="testAuthenticateAuthorFailByInvalidPassword()" uniqueid="[engine:junit-jupiter]/[class:com.bookservice.controller.LoginControllerTest]/[method:testAuthenticateAuthorFailByInvalidPassword()]"/>
    <testcase name="testAuthenticateAuthorFailByWrongAuthorName" classname="com.bookservice.controller.LoginControllerTest" time="0.019" displayname="testAuthenticateAuthorFailByWrongAuthorName()" uniqueid="[engine:junit-jupiter]/[class:com.bookservice.controller.LoginControllerTest]/[method:testAuthenticateAuthorFailByWrongAuthorName()]"/>
  </testsuite>
  <testsuite name="com.bookservice.controller.BookControllerTest" time="0.218" displayname="BookControllerTest" uniqueid="[engine:junit-jupiter]/[class:com.bookservice.controller.BookControllerTest]">
    <testcase name="testCreateBookFailByInvalidAuthor" classname="com.bookservice.controller.BookControllerTest" time="0.135" displayname="testCreateBookFailByInvalidAuthor()" uniqueid="[engine:junit-jupiter]/[class:com.bookservice.controller.BookControllerTest]/[method:testCreateBookFailByInvalidAuthor()]"/>
    <testcase name="CreateBookFailByException" classname="com.bookservice.controller.BookControllerTest" time="0.005" displayname="CreateBookFailByException()" uniqueid="[engine:junit-jupiter]/[class:com.bookservice.controller.BookControllerTest]/[method:CreateBookFailByException()]"/>
    <testcase name="testGetAllBooks" classname="com.bookservice.controller.BookControllerTest" time="0.009" displayname="testGetAllBooks()" uniqueid="[engine:junit-jupiter]/[class:com.bookservice.controller.BookControllerTest]/[method:testGetAllBooks()]"/>
    <testcase name="testGetBooksByAuthorId" classname="com.bookservice.controller.BookControllerTest" time="0.005" displayname="testGetBooksByAuthorId()" uniqueid="[engine:junit-jupiter]/[class:com.bookservice.controller.BookControllerTest]/[method:testGetBooksByAuthorId()]"/>
    <testcase name="testUpdateBookSuccess" classname="com.bookservice.controller.BookControllerTest" time="0.006" displayname="testUpdateBookSuccess()" uniqueid="[engine:junit-jupiter]/[class:com.bookservice.controller.BookControllerTest]/[method:testUpdateBookSuccess()]"/>
    <testcase name="testUpdateBookFailByNotLoggedIn" classname="com.bookservice.controller.BookControllerTest" time="0.008" displayname="testUpdateBookFailByNotLoggedIn()" uniqueid="[engine:junit-jupiter]/[class:com.bookservice.controller.BookControllerTest]/[method:testUpdateBookFailByNotLoggedIn()]"/>
    <testcase name="testUpdateBookFailByInvalidBook" classname="com.bookservice.controller.BookControllerTest" time="0.006" displayname="testUpdateBookFailByInvalidBook()" uniqueid="[engine:junit-jupiter]/[class:com.bookservice.controller.BookControllerTest]/[method:testUpdateBookFailByInvalidBook()]"/>
    <testcase name="testCreateBookSuccess" classname="com.bookservice.controller.BookControllerTest" time="0.006" displayname="testCreateBookSuccess()" uniqueid="[engine:junit-jupiter]/[class:com.bookservice.controller.BookControllerTest]/[method:testCreateBookSuccess()]"/>
    <testcase name="testSearchBookNonEmptyFields" classname="com.bookservice.controller.BookControllerTest" time="0.008" displayname="testSearchBookNonEmptyFields()" uniqueid="[engine:junit-jupiter]/[class:com.bookservice.controller.BookControllerTest]/[method:testSearchBookNonEmptyFields()]"/>
    <testcase name="testCreateBookFailByNotLoggedIn" classname="com.bookservice.controller.BookControllerTest" time="0.007" displayname="testCreateBookFailByNotLoggedIn()" uniqueid="[engine:junit-jupiter]/[class:com.bookservice.controller.BookControllerTest]/[method:testCreateBookFailByNotLoggedIn()]"/>
    <testcase name="testUpdateBookFailByInvalidAuthor" classname="com.bookservice.controller.BookControllerTest" time="0.008" displayname="testUpdateBookFailByInvalidAuthor()" uniqueid="[engine:junit-jupiter]/[class:com.bookservice.controller.BookControllerTest]/[method:testUpdateBookFailByInvalidAuthor()]"/>
    <testcase name="testSearchBookByEmptyFields" classname="com.bookservice.controller.BookControllerTest" time="0.014" displayname="testSearchBookByEmptyFields()" uniqueid="[engine:junit-jupiter]/[class:com.bookservice.controller.BookControllerTest]/[method:testSearchBookByEmptyFields()]"/>
  </testsuite>
  <testsuite name="com.bookservice.controller.ReaderControllerTest" time="7.342" displayname="ReaderControllerTest" uniqueid="[engine:junit-jupiter]/[class:com.bookservice.controller.ReaderControllerTest]">
    <testcase name="testBuyBooksFailByBookAlreadyPurchased" classname="com.bookservice.controller.ReaderControllerTest" time="0.193" displayname="testBuyBooksFailByBookAlreadyPurchased()" uniqueid="[engine:junit-jupiter]/[class:com.bookservice.controller.ReaderControllerTest]/[method:testBuyBooksFailByBookAlreadyPurchased()]"/>
    <testcase name="testGetBookByPaymentIdSuccess" classname="com.bookservice.controller.ReaderControllerTest" time="0.008" displayname="testGetBookByPaymentIdSuccess()" uniqueid="[engine:junit-jupiter]/[class:com.bookservice.controller.ReaderControllerTest]/[method:testGetBookByPaymentIdSuccess()]"/>
    <testcase name="testBuyBooksFailByExistingReaderOrEmail" classname="com.bookservice.controller.ReaderControllerTest" time="0.009" displayname="testBuyBooksFailByExistingReaderOrEmail()" uniqueid="[engine:junit-jupiter]/[class:com.bookservice.controller.ReaderControllerTest]/[method:testBuyBooksFailByExistingReaderOrEmail()]"/>
    <testcase name="testGetPurchasedBooks" classname="com.bookservice.controller.ReaderControllerTest" time="0.01" displayname="testGetPurchasedBooks()" uniqueid="[engine:junit-jupiter]/[class:com.bookservice.controller.ReaderControllerTest]/[method:testGetPurchasedBooks()]"/>
    <testcase name="testGetBookByPaymentIdFailByInvalidEmailOrPaymentId" classname="com.bookservice.controller.ReaderControllerTest" time="0.005" displayname="testGetBookByPaymentIdFailByInvalidEmailOrPaymentId()" uniqueid="[engine:junit-jupiter]/[class:com.bookservice.controller.ReaderControllerTest]/[method:testGetBookByPaymentIdFailByInvalidEmailOrPaymentId()]"/>
    <testcase name="testGetPurchasedBooksFailByInvalidMail" classname="com.bookservice.controller.ReaderControllerTest" time="0.004" displayname="testGetPurchasedBooksFailByInvalidMail()" uniqueid="[engine:junit-jupiter]/[class:com.bookservice.controller.ReaderControllerTest]/[method:testGetPurchasedBooksFailByInvalidMail()]"/>
    <testcase name="testGetBookContentSuccess" classname="com.bookservice.controller.ReaderControllerTest" time="0.008" displayname="testGetBookContentSuccess()" uniqueid="[engine:junit-jupiter]/[class:com.bookservice.controller.ReaderControllerTest]/[method:testGetBookContentSuccess()]"/>
    <testcase name="testGetBookContentFailByInvalidReaderOrBook" classname="com.bookservice.controller.ReaderControllerTest" time="0.005" displayname="testGetBookContentFailByInvalidReaderOrBook()" uniqueid="[engine:junit-jupiter]/[class:com.bookservice.controller.ReaderControllerTest]/[method:testGetBookContentFailByInvalidReaderOrBook()]"/>
    <testcase name="testGetPurchasedBooksForZeroBooks" classname="com.bookservice.controller.ReaderControllerTest" time="0.005" displayname="testGetPurchasedBooksForZeroBooks()" uniqueid="[engine:junit-jupiter]/[class:com.bookservice.controller.ReaderControllerTest]/[method:testGetPurchasedBooksForZeroBooks()]"/>
    <testcase name="testGetRefundBookByBookIdFailByInvalidEmail" classname="com.bookservice.controller.ReaderControllerTest" time="0.008" displayname="testGetRefundBookByBookIdFailByInvalidEmail()" uniqueid="[engine:junit-jupiter]/[class:com.bookservice.controller.ReaderControllerTest]/[method:testGetRefundBookByBookIdFailByInvalidEmail()]"/>
    <testcase name="testGetRefundBookByBookId" classname="com.bookservice.controller.ReaderControllerTest" time="0.007" displayname="testGetRefundBookByBookId()" uniqueid="[engine:junit-jupiter]/[class:com.bookservice.controller.ReaderControllerTest]/[method:testGetRefundBookByBookId()]"/>
    <testcase name="testBuyBooksSuccessByNewReader" classname="com.bookservice.controller.ReaderControllerTest" time="0.006" displayname="testBuyBooksSuccessByNewReader()" uniqueid="[engine:junit-jupiter]/[class:com.bookservice.controller.ReaderControllerTest]/[method:testBuyBooksSuccessByNewReader()]"/>
    <testcase name="testBuyBooksSuccessByExistingReader" classname="com.bookservice.controller.ReaderControllerTest" time="0.008" displayname="testBuyBooksSuccessByExistingReader()" uniqueid="[engine:junit-jupiter]/[class:com.bookservice.controller.ReaderControllerTest]/[method:testBuyBooksSuccessByExistingReader()]"/>
    <testcase name="testBuyBooksFailByInvalidBook" classname="com.bookservice.controller.ReaderControllerTest" time="7.066" displayname="testBuyBooksFailByInvalidBook()" uniqueid="[engine:junit-jupiter]/[class:com.bookservice.controller.ReaderControllerTest]/[method:testBuyBooksFailByInvalidBook()]"/>
  </testsuite>
  <testsuite name="com.hnt.BookServiceApplicationTests" time="0.138" displayname="BookServiceApplicationTests" uniqueid="[engine:junit-jupiter]/[class:com.hnt.BookServiceApplicationTests]">
    <testcase name="contextLoads" classname="com.hnt.BookServiceApplicationTests" time="0.138" displayname="contextLoads()" uniqueid="[engine:junit-jupiter]/[class:com.hnt.BookServiceApplicationTests]/[method:contextLoads()]"/>
  </testsuite>
  <testsuite name="com.bookservice.request.BuyBookRequestTest" time="0.016" displayname="BuyBookRequestTest" uniqueid="[engine:junit-jupiter]/[class:com.bookservice.request.BuyBookRequestTest]">
    <testcase name="testToString" classname="com.bookservice.request.BuyBookRequestTest" time="0.001" displayname="testToString()" uniqueid="[engine:junit-jupiter]/[class:com.bookservice.request.BuyBookRequestTest]/[method:testToString()]"/>
    <testcase name="testEqualsObject" classname="com.bookservice.request.BuyBookRequestTest" time="0.013" displayname="testEqualsObject()" uniqueid="[engine:junit-jupiter]/[class:com.bookservice.request.BuyBookRequestTest]/[method:testEqualsObject()]">
      <failure>
        <expected>true</expected>
        <actual>false</actual>
        org.opentest4j.AssertionFailedError: expected: &lt;true&gt; but was: &lt;false&gt;&#13;
	at org.junit.jupiter.api.AssertionUtils.fail(AssertionUtils.java:55)&#13;
	at org.junit.jupiter.api.AssertTrue.assertTrue(AssertTrue.java:40)&#13;
	at org.junit.jupiter.api.AssertTrue.assertTrue(AssertTrue.java:35)&#13;
	at org.junit.jupiter.api.Assertions.assertTrue(Assertions.java:179)&#13;
	at com.bookservice.request.BuyBookRequestTest.testEqualsObject(BuyBookRequestTest.java:36)&#13;
	at java.base/jdk.internal.reflect.NativeMethodAccessorImpl.invoke0(Native Method)&#13;
	at java.base/jdk.internal.reflect.NativeMethodAccessorImpl.invoke(NativeMethodAccessorImpl.java:62)&#13;
	at java.base/jdk.internal.reflect.DelegatingMethodAccessorImpl.invoke(DelegatingMethodAccessorImpl.java:43)&#13;
	at java.base/java.lang.reflect.Method.invoke(Method.java:566)&#13;
	at org.junit.platform.commons.util.ReflectionUtils.invokeMethod(ReflectionUtils.java:725)&#13;
	at org.junit.jupiter.engine.execution.MethodInvocation.proceed(MethodInvocation.java:60)&#13;
	at org.junit.jupiter.engine.execution.InvocationInterceptorChain$ValidatingInvocation.proceed(InvocationInterceptorChain.java:131)&#13;
	at org.junit.jupiter.engine.extension.TimeoutExtension.intercept(TimeoutExtension.java:149)&#13;
	at org.junit.jupiter.engine.extension.TimeoutExtension.interceptTestableMethod(TimeoutExtension.java:140)&#13;
	at org.junit.jupiter.engine.extension.TimeoutExtension.interceptTestMethod(TimeoutExtension.java:84)&#13;
	at org.junit.jupiter.engine.execution.ExecutableInvoker$ReflectiveInterceptorCall.lambda$ofVoidMethod$0(ExecutableInvoker.java:115)&#13;
	at org.junit.jupiter.engine.execution.ExecutableInvoker.lambda$invoke$0(ExecutableInvoker.java:105)&#13;
	at org.junit.jupiter.engine.execution.InvocationInterceptorChain$InterceptedInvocation.proceed(InvocationInterceptorChain.java:106)&#13;
	at org.junit.jupiter.engine.execution.InvocationInterceptorChain.proceed(InvocationInterceptorChain.java:64)&#13;
	at org.junit.jupiter.engine.execution.InvocationInterceptorChain.chainAndInvoke(InvocationInterceptorChain.java:45)&#13;
	at org.junit.jupiter.engine.execution.InvocationInterceptorChain.invoke(InvocationInterceptorChain.java:37)&#13;
	at org.junit.jupiter.engine.execution.ExecutableInvoker.invoke(ExecutableInvoker.java:104)&#13;
	at org.junit.jupiter.engine.execution.ExecutableInvoker.invoke(ExecutableInvoker.java:98)&#13;
	at org.junit.jupiter.engine.descriptor.TestMethodTestDescriptor.lambda$invokeTestMethod$7(TestMethodTestDescriptor.java:214)&#13;
	at org.junit.platform.engine.support.hierarchical.ThrowableCollector.execute(ThrowableCollector.java:73)&#13;
	at org.junit.jupiter.engine.descriptor.TestMethodTestDescriptor.invokeTestMethod(TestMethodTestDescriptor.java:210)&#13;
	at org.junit.jupiter.engine.descriptor.TestMethodTestDescriptor.execute(TestMethodTestDescriptor.java:135)&#13;
	at org.junit.jupiter.engine.descriptor.TestMethodTestDescriptor.execute(TestMethodTestDescriptor.java:66)&#13;
	at org.junit.platform.engine.support.hierarchical.NodeTestTask.lambda$executeRecursively$6(NodeTestTask.java:151)&#13;
	at org.junit.platform.engine.support.hierarchical.ThrowableCollector.execute(ThrowableCollector.java:73)&#13;
	at org.junit.platform.engine.support.hierarchical.NodeTestTask.lambda$executeRecursively$8(NodeTestTask.java:141)&#13;
	at org.junit.platform.engine.support.hierarchical.Node.around(Node.java:137)&#13;
	at org.junit.platform.engine.support.hierarchical.NodeTestTask.lambda$executeRecursively$9(NodeTestTask.java:139)&#13;
	at org.junit.platform.engine.support.hierarchical.ThrowableCollector.execute(ThrowableCollector.java:73)&#13;
	at org.junit.platform.engine.support.hierarchical.NodeTestTask.executeRecursively(NodeTestTask.java:138)&#13;
	at org.junit.platform.engine.support.hierarchical.NodeTestTask.execute(NodeTestTask.java:95)&#13;
	at java.base/java.util.ArrayList.forEach(ArrayList.java:1541)&#13;
	at org.junit.platform.engine.support.hierarchical.SameThreadHierarchicalTestExecutorService.invokeAll(SameThreadHierarchicalTestExecutorService.java:41)&#13;
	at org.junit.platform.engine.support.hierarchical.NodeTestTask.lambda$executeRecursively$6(NodeTestTask.java:155)&#13;
	at org.junit.platform.engine.support.hierarchical.ThrowableCollector.execute(ThrowableCollector.java:73)&#13;
	at org.junit.platform.engine.support.hierarchical.NodeTestTask.lambda$executeRecursively$8(NodeTestTask.java:141)&#13;
	at org.junit.platform.engine.support.hierarchical.Node.around(Node.java:137)&#13;
	at org.junit.platform.engine.support.hierarchical.NodeTestTask.lambda$executeRecursively$9(NodeTestTask.java:139)&#13;
	at org.junit.platform.engine.support.hierarchical.ThrowableCollector.execute(ThrowableCollector.java:73)&#13;
	at org.junit.platform.engine.support.hierarchical.NodeTestTask.executeRecursively(NodeTestTask.java:138)&#13;
	at org.junit.platform.engine.support.hierarchical.NodeTestTask.execute(NodeTestTask.java:95)&#13;
	at java.base/java.util.ArrayList.forEach(ArrayList.java:1541)&#13;
	at org.junit.platform.engine.support.hierarchical.SameThreadHierarchicalTestExecutorService.invokeAll(SameThreadHierarchicalTestExecutorService.java:41)&#13;
	at org.junit.platform.engine.support.hierarchical.NodeTestTask.lambda$executeRecursively$6(NodeTestTask.java:155)&#13;
	at org.junit.platform.engine.support.hierarchical.ThrowableCollector.execute(ThrowableCollector.java:73)&#13;
	at org.junit.platform.engine.support.hierarchical.NodeTestTask.lambda$executeRecursively$8(NodeTestTask.java:141)&#13;
	at org.junit.platform.engine.support.hierarchical.Node.around(Node.java:137)&#13;
	at org.junit.platform.engine.support.hierarchical.NodeTestTask.lambda$executeRecursively$9(NodeTestTask.java:139)&#13;
	at org.junit.platform.engine.support.hierarchical.ThrowableCollector.execute(ThrowableCollector.java:73)&#13;
	at org.junit.platform.engine.support.hierarchical.NodeTestTask.executeRecursively(NodeTestTask.java:138)&#13;
	at org.junit.platform.engine.support.hierarchical.NodeTestTask.execute(NodeTestTask.java:95)&#13;
	at org.junit.platform.engine.support.hierarchical.SameThreadHierarchicalTestExecutorService.submit(SameThreadHierarchicalTestExecutorService.java:35)&#13;
	at org.junit.platform.engine.support.hierarchical.HierarchicalTestExecutor.execute(HierarchicalTestExecutor.java:57)&#13;
	at org.junit.platform.engine.support.hierarchical.HierarchicalTestEngine.execute(HierarchicalTestEngine.java:54)&#13;
	at org.junit.platform.launcher.core.DefaultLauncher.execute(DefaultLauncher.java:229)&#13;
	at org.junit.platform.launcher.core.DefaultLauncher.lambda$execute$6(DefaultLauncher.java:197)&#13;
	at org.junit.platform.launcher.core.DefaultLauncher.withInterceptedStreams(DefaultLauncher.java:211)&#13;
	at org.junit.platform.launcher.core.DefaultLauncher.execute(DefaultLauncher.java:191)&#13;
	at org.junit.platform.launcher.core.DefaultLauncher.execute(DefaultLauncher.java:137)&#13;
	at org.eclipse.jdt.internal.junit5.runner.JUnit5TestReference.run(JUnit5TestReference.java:89)&#13;
	at org.eclipse.jdt.internal.junit.runner.TestExecution.run(TestExecution.java:41)&#13;
	at org.eclipse.jdt.internal.junit.runner.RemoteTestRunner.runTests(RemoteTestRunner.java:541)&#13;
	at org.eclipse.jdt.internal.junit.runner.RemoteTestRunner.runTests(RemoteTestRunner.java:763)&#13;
	at org.eclipse.jdt.internal.junit.runner.RemoteTestRunner.run(RemoteTestRunner.java:463)&#13;
	at org.eclipse.jdt.internal.junit.runner.RemoteTestRunner.main(RemoteTestRunner.java:209)&#13;
&#13;

      </failure>
    </testcase>
    <testcase name="testHashCode" classname="com.bookservice.request.BuyBookRequestTest" time="0.002" displayname="testHashCode()" uniqueid="[engine:junit-jupiter]/[class:com.bookservice.request.BuyBookRequestTest]/[method:testHashCode()]">
      <failure>
        <expected>1494727044</expected>
        <actual>1271139512</actual>
        org.opentest4j.AssertionFailedError: expected: &lt;1494727044&gt; but was: &lt;1271139512&gt;&#13;
	at org.junit.jupiter.api.AssertionUtils.fail(AssertionUtils.java:55)&#13;
	at org.junit.jupiter.api.AssertionUtils.failNotEqual(AssertionUtils.java:62)&#13;
	at org.junit.jupiter.api.AssertEquals.assertEquals(AssertEquals.java:150)&#13;
	at org.junit.jupiter.api.AssertEquals.assertEquals(AssertEquals.java:145)&#13;
	at org.junit.jupiter.api.Assertions.assertEquals(Assertions.java:527)&#13;
	at com.bookservice.request.BuyBookRequestTest.testHashCode(BuyBookRequestTest.java:29)&#13;
	at java.base/jdk.internal.reflect.NativeMethodAccessorImpl.invoke0(Native Method)&#13;
	at java.base/jdk.internal.reflect.NativeMethodAccessorImpl.invoke(NativeMethodAccessorImpl.java:62)&#13;
	at java.base/jdk.internal.reflect.DelegatingMethodAccessorImpl.invoke(DelegatingMethodAccessorImpl.java:43)&#13;
	at java.base/java.lang.reflect.Method.invoke(Method.java:566)&#13;
	at org.junit.platform.commons.util.ReflectionUtils.invokeMethod(ReflectionUtils.java:725)&#13;
	at org.junit.jupiter.engine.execution.MethodInvocation.proceed(MethodInvocation.java:60)&#13;
	at org.junit.jupiter.engine.execution.InvocationInterceptorChain$ValidatingInvocation.proceed(InvocationInterceptorChain.java:131)&#13;
	at org.junit.jupiter.engine.extension.TimeoutExtension.intercept(TimeoutExtension.java:149)&#13;
	at org.junit.jupiter.engine.extension.TimeoutExtension.interceptTestableMethod(TimeoutExtension.java:140)&#13;
	at org.junit.jupiter.engine.extension.TimeoutExtension.interceptTestMethod(TimeoutExtension.java:84)&#13;
	at org.junit.jupiter.engine.execution.ExecutableInvoker$ReflectiveInterceptorCall.lambda$ofVoidMethod$0(ExecutableInvoker.java:115)&#13;
	at org.junit.jupiter.engine.execution.ExecutableInvoker.lambda$invoke$0(ExecutableInvoker.java:105)&#13;
	at org.junit.jupiter.engine.execution.InvocationInterceptorChain$InterceptedInvocation.proceed(InvocationInterceptorChain.java:106)&#13;
	at org.junit.jupiter.engine.execution.InvocationInterceptorChain.proceed(InvocationInterceptorChain.java:64)&#13;
	at org.junit.jupiter.engine.execution.InvocationInterceptorChain.chainAndInvoke(InvocationInterceptorChain.java:45)&#13;
	at org.junit.jupiter.engine.execution.InvocationInterceptorChain.invoke(InvocationInterceptorChain.java:37)&#13;
	at org.junit.jupiter.engine.execution.ExecutableInvoker.invoke(ExecutableInvoker.java:104)&#13;
	at org.junit.jupiter.engine.execution.ExecutableInvoker.invoke(ExecutableInvoker.java:98)&#13;
	at org.junit.jupiter.engine.descriptor.TestMethodTestDescriptor.lambda$invokeTestMethod$7(TestMethodTestDescriptor.java:214)&#13;
	at org.junit.platform.engine.support.hierarchical.ThrowableCollector.execute(ThrowableCollector.java:73)&#13;
	at org.junit.jupiter.engine.descriptor.TestMethodTestDescriptor.invokeTestMethod(TestMethodTestDescriptor.java:210)&#13;
	at org.junit.jupiter.engine.descriptor.TestMethodTestDescriptor.execute(TestMethodTestDescriptor.java:135)&#13;
	at org.junit.jupiter.engine.descriptor.TestMethodTestDescriptor.execute(TestMethodTestDescriptor.java:66)&#13;
	at org.junit.platform.engine.support.hierarchical.NodeTestTask.lambda$executeRecursively$6(NodeTestTask.java:151)&#13;
	at org.junit.platform.engine.support.hierarchical.ThrowableCollector.execute(ThrowableCollector.java:73)&#13;
	at org.junit.platform.engine.support.hierarchical.NodeTestTask.lambda$executeRecursively$8(NodeTestTask.java:141)&#13;
	at org.junit.platform.engine.support.hierarchical.Node.around(Node.java:137)&#13;
	at org.junit.platform.engine.support.hierarchical.NodeTestTask.lambda$executeRecursively$9(NodeTestTask.java:139)&#13;
	at org.junit.platform.engine.support.hierarchical.ThrowableCollector.execute(ThrowableCollector.java:73)&#13;
	at org.junit.platform.engine.support.hierarchical.NodeTestTask.executeRecursively(NodeTestTask.java:138)&#13;
	at org.junit.platform.engine.support.hierarchical.NodeTestTask.execute(NodeTestTask.java:95)&#13;
	at java.base/java.util.ArrayList.forEach(ArrayList.java:1541)&#13;
	at org.junit.platform.engine.support.hierarchical.SameThreadHierarchicalTestExecutorService.invokeAll(SameThreadHierarchicalTestExecutorService.java:41)&#13;
	at org.junit.platform.engine.support.hierarchical.NodeTestTask.lambda$executeRecursively$6(NodeTestTask.java:155)&#13;
	at org.junit.platform.engine.support.hierarchical.ThrowableCollector.execute(ThrowableCollector.java:73)&#13;
	at org.junit.platform.engine.support.hierarchical.NodeTestTask.lambda$executeRecursively$8(NodeTestTask.java:141)&#13;
	at org.junit.platform.engine.support.hierarchical.Node.around(Node.java:137)&#13;
	at org.junit.platform.engine.support.hierarchical.NodeTestTask.lambda$executeRecursively$9(NodeTestTask.java:139)&#13;
	at org.junit.platform.engine.support.hierarchical.ThrowableCollector.execute(ThrowableCollector.java:73)&#13;
	at org.junit.platform.engine.support.hierarchical.NodeTestTask.executeRecursively(NodeTestTask.java:138)&#13;
	at org.junit.platform.engine.support.hierarchical.NodeTestTask.execute(NodeTestTask.java:95)&#13;
	at java.base/java.util.ArrayList.forEach(ArrayList.java:1541)&#13;
	at org.junit.platform.engine.support.hierarchical.SameThreadHierarchicalTestExecutorService.invokeAll(SameThreadHierarchicalTestExecutorService.java:41)&#13;
	at org.junit.platform.engine.support.hierarchical.NodeTestTask.lambda$executeRecursively$6(NodeTestTask.java:155)&#13;
	at org.junit.platform.engine.support.hierarchical.ThrowableCollector.execute(ThrowableCollector.java:73)&#13;
	at org.junit.platform.engine.support.hierarchical.NodeTestTask.lambda$executeRecursively$8(NodeTestTask.java:141)&#13;
	at org.junit.platform.engine.support.hierarchical.Node.around(Node.java:137)&#13;
	at org.junit.platform.engine.support.hierarchical.NodeTestTask.lambda$executeRecursively$9(NodeTestTask.java:139)&#13;
	at org.junit.platform.engine.support.hierarchical.ThrowableCollector.execute(ThrowableCollector.java:73)&#13;
	at org.junit.platform.engine.support.hierarchical.NodeTestTask.executeRecursively(NodeTestTask.java:138)&#13;
	at org.junit.platform.engine.support.hierarchical.NodeTestTask.execute(NodeTestTask.java:95)&#13;
	at org.junit.platform.engine.support.hierarchical.SameThreadHierarchicalTestExecutorService.submit(SameThreadHierarchicalTestExecutorService.java:35)&#13;
	at org.junit.platform.engine.support.hierarchical.HierarchicalTestExecutor.execute(HierarchicalTestExecutor.java:57)&#13;
	at org.junit.platform.engine.support.hierarchical.HierarchicalTestEngine.execute(HierarchicalTestEngine.java:54)&#13;
	at org.junit.platform.launcher.core.DefaultLauncher.execute(DefaultLauncher.java:229)&#13;
	at org.junit.platform.launcher.core.DefaultLauncher.lambda$execute$6(DefaultLauncher.java:197)&#13;
	at org.junit.platform.launcher.core.DefaultLauncher.withInterceptedStreams(DefaultLauncher.java:211)&#13;
	at org.junit.platform.launcher.core.DefaultLauncher.execute(DefaultLauncher.java:191)&#13;
	at org.junit.platform.launcher.core.DefaultLauncher.execute(DefaultLauncher.java:137)&#13;
	at org.eclipse.jdt.internal.junit5.runner.JUnit5TestReference.run(JUnit5TestReference.java:89)&#13;
	at org.eclipse.jdt.internal.junit.runner.TestExecution.run(TestExecution.java:41)&#13;
	at org.eclipse.jdt.internal.junit.runner.RemoteTestRunner.runTests(RemoteTestRunner.java:541)&#13;
	at org.eclipse.jdt.internal.junit.runner.RemoteTestRunner.runTests(RemoteTestRunner.java:763)&#13;
	at org.eclipse.jdt.internal.junit.runner.RemoteTestRunner.run(RemoteTestRunner.java:463)&#13;
	at org.eclipse.jdt.internal.junit.runner.RemoteTestRunner.main(RemoteTestRunner.java:209)&#13;
&#13;

      </failure>
    </testcase>
  </testsuite>
  <testsuite name="com.bookservice.request.LoginRequestTest" time="0.006" displayname="LoginRequestTest" uniqueid="[engine:junit-jupiter]/[class:com.bookservice.request.LoginRequestTest]">
    <testcase name="testToString" classname="com.bookservice.request.LoginRequestTest" time="0.001" displayname="testToString()" uniqueid="[engine:junit-jupiter]/[class:com.bookservice.request.LoginRequestTest]/[method:testToString()]"/>
    <testcase name="testEqualsObject" classname="com.bookservice.request.LoginRequestTest" time="0.001" displayname="testEqualsObject()" uniqueid="[engine:junit-jupiter]/[class:com.bookservice.request.LoginRequestTest]/[method:testEqualsObject()]">
      <failure>
        <expected>true</expected>
        <actual>false</actual>
        org.opentest4j.AssertionFailedError: expected: &lt;true&gt; but was: &lt;false&gt;&#13;
	at org.junit.jupiter.api.AssertionUtils.fail(AssertionUtils.java:55)&#13;
	at org.junit.jupiter.api.AssertTrue.assertTrue(AssertTrue.java:40)&#13;
	at org.junit.jupiter.api.AssertTrue.assertTrue(AssertTrue.java:35)&#13;
	at org.junit.jupiter.api.Assertions.assertTrue(Assertions.java:179)&#13;
	at com.bookservice.request.LoginRequestTest.testEqualsObject(LoginRequestTest.java:34)&#13;
	at java.base/jdk.internal.reflect.NativeMethodAccessorImpl.invoke0(Native Method)&#13;
	at java.base/jdk.internal.reflect.NativeMethodAccessorImpl.invoke(NativeMethodAccessorImpl.java:62)&#13;
	at java.base/jdk.internal.reflect.DelegatingMethodAccessorImpl.invoke(DelegatingMethodAccessorImpl.java:43)&#13;
	at java.base/java.lang.reflect.Method.invoke(Method.java:566)&#13;
	at org.junit.platform.commons.util.ReflectionUtils.invokeMethod(ReflectionUtils.java:725)&#13;
	at org.junit.jupiter.engine.execution.MethodInvocation.proceed(MethodInvocation.java:60)&#13;
	at org.junit.jupiter.engine.execution.InvocationInterceptorChain$ValidatingInvocation.proceed(InvocationInterceptorChain.java:131)&#13;
	at org.junit.jupiter.engine.extension.TimeoutExtension.intercept(TimeoutExtension.java:149)&#13;
	at org.junit.jupiter.engine.extension.TimeoutExtension.interceptTestableMethod(TimeoutExtension.java:140)&#13;
	at org.junit.jupiter.engine.extension.TimeoutExtension.interceptTestMethod(TimeoutExtension.java:84)&#13;
	at org.junit.jupiter.engine.execution.ExecutableInvoker$ReflectiveInterceptorCall.lambda$ofVoidMethod$0(ExecutableInvoker.java:115)&#13;
	at org.junit.jupiter.engine.execution.ExecutableInvoker.lambda$invoke$0(ExecutableInvoker.java:105)&#13;
	at org.junit.jupiter.engine.execution.InvocationInterceptorChain$InterceptedInvocation.proceed(InvocationInterceptorChain.java:106)&#13;
	at org.junit.jupiter.engine.execution.InvocationInterceptorChain.proceed(InvocationInterceptorChain.java:64)&#13;
	at org.junit.jupiter.engine.execution.InvocationInterceptorChain.chainAndInvoke(InvocationInterceptorChain.java:45)&#13;
	at org.junit.jupiter.engine.execution.InvocationInterceptorChain.invoke(InvocationInterceptorChain.java:37)&#13;
	at org.junit.jupiter.engine.execution.ExecutableInvoker.invoke(ExecutableInvoker.java:104)&#13;
	at org.junit.jupiter.engine.execution.ExecutableInvoker.invoke(ExecutableInvoker.java:98)&#13;
	at org.junit.jupiter.engine.descriptor.TestMethodTestDescriptor.lambda$invokeTestMethod$7(TestMethodTestDescriptor.java:214)&#13;
	at org.junit.platform.engine.support.hierarchical.ThrowableCollector.execute(ThrowableCollector.java:73)&#13;
	at org.junit.jupiter.engine.descriptor.TestMethodTestDescriptor.invokeTestMethod(TestMethodTestDescriptor.java:210)&#13;
	at org.junit.jupiter.engine.descriptor.TestMethodTestDescriptor.execute(TestMethodTestDescriptor.java:135)&#13;
	at org.junit.jupiter.engine.descriptor.TestMethodTestDescriptor.execute(TestMethodTestDescriptor.java:66)&#13;
	at org.junit.platform.engine.support.hierarchical.NodeTestTask.lambda$executeRecursively$6(NodeTestTask.java:151)&#13;
	at org.junit.platform.engine.support.hierarchical.ThrowableCollector.execute(ThrowableCollector.java:73)&#13;
	at org.junit.platform.engine.support.hierarchical.NodeTestTask.lambda$executeRecursively$8(NodeTestTask.java:141)&#13;
	at org.junit.platform.engine.support.hierarchical.Node.around(Node.java:137)&#13;
	at org.junit.platform.engine.support.hierarchical.NodeTestTask.lambda$executeRecursively$9(NodeTestTask.java:139)&#13;
	at org.junit.platform.engine.support.hierarchical.ThrowableCollector.execute(ThrowableCollector.java:73)&#13;
	at org.junit.platform.engine.support.hierarchical.NodeTestTask.executeRecursively(NodeTestTask.java:138)&#13;
	at org.junit.platform.engine.support.hierarchical.NodeTestTask.execute(NodeTestTask.java:95)&#13;
	at java.base/java.util.ArrayList.forEach(ArrayList.java:1541)&#13;
	at org.junit.platform.engine.support.hierarchical.SameThreadHierarchicalTestExecutorService.invokeAll(SameThreadHierarchicalTestExecutorService.java:41)&#13;
	at org.junit.platform.engine.support.hierarchical.NodeTestTask.lambda$executeRecursively$6(NodeTestTask.java:155)&#13;
	at org.junit.platform.engine.support.hierarchical.ThrowableCollector.execute(ThrowableCollector.java:73)&#13;
	at org.junit.platform.engine.support.hierarchical.NodeTestTask.lambda$executeRecursively$8(NodeTestTask.java:141)&#13;
	at org.junit.platform.engine.support.hierarchical.Node.around(Node.java:137)&#13;
	at org.junit.platform.engine.support.hierarchical.NodeTestTask.lambda$executeRecursively$9(NodeTestTask.java:139)&#13;
	at org.junit.platform.engine.support.hierarchical.ThrowableCollector.execute(ThrowableCollector.java:73)&#13;
	at org.junit.platform.engine.support.hierarchical.NodeTestTask.executeRecursively(NodeTestTask.java:138)&#13;
	at org.junit.platform.engine.support.hierarchical.NodeTestTask.execute(NodeTestTask.java:95)&#13;
	at java.base/java.util.ArrayList.forEach(ArrayList.java:1541)&#13;
	at org.junit.platform.engine.support.hierarchical.SameThreadHierarchicalTestExecutorService.invokeAll(SameThreadHierarchicalTestExecutorService.java:41)&#13;
	at org.junit.platform.engine.support.hierarchical.NodeTestTask.lambda$executeRecursively$6(NodeTestTask.java:155)&#13;
	at org.junit.platform.engine.support.hierarchical.ThrowableCollector.execute(ThrowableCollector.java:73)&#13;
	at org.junit.platform.engine.support.hierarchical.NodeTestTask.lambda$executeRecursively$8(NodeTestTask.java:141)&#13;
	at org.junit.platform.engine.support.hierarchical.Node.around(Node.java:137)&#13;
	at org.junit.platform.engine.support.hierarchical.NodeTestTask.lambda$executeRecursively$9(NodeTestTask.java:139)&#13;
	at org.junit.platform.engine.support.hierarchical.ThrowableCollector.execute(ThrowableCollector.java:73)&#13;
	at org.junit.platform.engine.support.hierarchical.NodeTestTask.executeRecursively(NodeTestTask.java:138)&#13;
	at org.junit.platform.engine.support.hierarchical.NodeTestTask.execute(NodeTestTask.java:95)&#13;
	at org.junit.platform.engine.support.hierarchical.SameThreadHierarchicalTestExecutorService.submit(SameThreadHierarchicalTestExecutorService.java:35)&#13;
	at org.junit.platform.engine.support.hierarchical.HierarchicalTestExecutor.execute(HierarchicalTestExecutor.java:57)&#13;
	at org.junit.platform.engine.support.hierarchical.HierarchicalTestEngine.execute(HierarchicalTestEngine.java:54)&#13;
	at org.junit.platform.launcher.core.DefaultLauncher.execute(DefaultLauncher.java:229)&#13;
	at org.junit.platform.launcher.core.DefaultLauncher.lambda$execute$6(DefaultLauncher.java:197)&#13;
	at org.junit.platform.launcher.core.DefaultLauncher.withInterceptedStreams(DefaultLauncher.java:211)&#13;
	at org.junit.platform.launcher.core.DefaultLauncher.execute(DefaultLauncher.java:191)&#13;
	at org.junit.platform.launcher.core.DefaultLauncher.execute(DefaultLauncher.java:137)&#13;
	at org.eclipse.jdt.internal.junit5.runner.JUnit5TestReference.run(JUnit5TestReference.java:89)&#13;
	at org.eclipse.jdt.internal.junit.runner.TestExecution.run(TestExecution.java:41)&#13;
	at org.eclipse.jdt.internal.junit.runner.RemoteTestRunner.runTests(RemoteTestRunner.java:541)&#13;
	at org.eclipse.jdt.internal.junit.runner.RemoteTestRunner.runTests(RemoteTestRunner.java:763)&#13;
	at org.eclipse.jdt.internal.junit.runner.RemoteTestRunner.run(RemoteTestRunner.java:463)&#13;
	at org.eclipse.jdt.internal.junit.runner.RemoteTestRunner.main(RemoteTestRunner.java:209)&#13;
&#13;

      </failure>
    </testcase>
    <testcase name="testHashCode" classname="com.bookservice.request.LoginRequestTest" time="0.004" displayname="testHashCode()" uniqueid="[engine:junit-jupiter]/[class:com.bookservice.request.LoginRequestTest]/[method:testHashCode()]">
      <failure>
        <expected>74087239</expected>
        <actual>1832127798</actual>
        org.opentest4j.AssertionFailedError: expected: &lt;74087239&gt; but was: &lt;1832127798&gt;&#13;
	at org.junit.jupiter.api.AssertionUtils.fail(AssertionUtils.java:55)&#13;
	at org.junit.jupiter.api.AssertionUtils.failNotEqual(AssertionUtils.java:62)&#13;
	at org.junit.jupiter.api.AssertEquals.assertEquals(AssertEquals.java:150)&#13;
	at org.junit.jupiter.api.AssertEquals.assertEquals(AssertEquals.java:145)&#13;
	at org.junit.jupiter.api.Assertions.assertEquals(Assertions.java:527)&#13;
	at com.bookservice.request.LoginRequestTest.testHashCode(LoginRequestTest.java:27)&#13;
	at java.base/jdk.internal.reflect.NativeMethodAccessorImpl.invoke0(Native Method)&#13;
	at java.base/jdk.internal.reflect.NativeMethodAccessorImpl.invoke(NativeMethodAccessorImpl.java:62)&#13;
	at java.base/jdk.internal.reflect.DelegatingMethodAccessorImpl.invoke(DelegatingMethodAccessorImpl.java:43)&#13;
	at java.base/java.lang.reflect.Method.invoke(Method.java:566)&#13;
	at org.junit.platform.commons.util.ReflectionUtils.invokeMethod(ReflectionUtils.java:725)&#13;
	at org.junit.jupiter.engine.execution.MethodInvocation.proceed(MethodInvocation.java:60)&#13;
	at org.junit.jupiter.engine.execution.InvocationInterceptorChain$ValidatingInvocation.proceed(InvocationInterceptorChain.java:131)&#13;
	at org.junit.jupiter.engine.extension.TimeoutExtension.intercept(TimeoutExtension.java:149)&#13;
	at org.junit.jupiter.engine.extension.TimeoutExtension.interceptTestableMethod(TimeoutExtension.java:140)&#13;
	at org.junit.jupiter.engine.extension.TimeoutExtension.interceptTestMethod(TimeoutExtension.java:84)&#13;
	at org.junit.jupiter.engine.execution.ExecutableInvoker$ReflectiveInterceptorCall.lambda$ofVoidMethod$0(ExecutableInvoker.java:115)&#13;
	at org.junit.jupiter.engine.execution.ExecutableInvoker.lambda$invoke$0(ExecutableInvoker.java:105)&#13;
	at org.junit.jupiter.engine.execution.InvocationInterceptorChain$InterceptedInvocation.proceed(InvocationInterceptorChain.java:106)&#13;
	at org.junit.jupiter.engine.execution.InvocationInterceptorChain.proceed(InvocationInterceptorChain.java:64)&#13;
	at org.junit.jupiter.engine.execution.InvocationInterceptorChain.chainAndInvoke(InvocationInterceptorChain.java:45)&#13;
	at org.junit.jupiter.engine.execution.InvocationInterceptorChain.invoke(InvocationInterceptorChain.java:37)&#13;
	at org.junit.jupiter.engine.execution.ExecutableInvoker.invoke(ExecutableInvoker.java:104)&#13;
	at org.junit.jupiter.engine.execution.ExecutableInvoker.invoke(ExecutableInvoker.java:98)&#13;
	at org.junit.jupiter.engine.descriptor.TestMethodTestDescriptor.lambda$invokeTestMethod$7(TestMethodTestDescriptor.java:214)&#13;
	at org.junit.platform.engine.support.hierarchical.ThrowableCollector.execute(ThrowableCollector.java:73)&#13;
	at org.junit.jupiter.engine.descriptor.TestMethodTestDescriptor.invokeTestMethod(TestMethodTestDescriptor.java:210)&#13;
	at org.junit.jupiter.engine.descriptor.TestMethodTestDescriptor.execute(TestMethodTestDescriptor.java:135)&#13;
	at org.junit.jupiter.engine.descriptor.TestMethodTestDescriptor.execute(TestMethodTestDescriptor.java:66)&#13;
	at org.junit.platform.engine.support.hierarchical.NodeTestTask.lambda$executeRecursively$6(NodeTestTask.java:151)&#13;
	at org.junit.platform.engine.support.hierarchical.ThrowableCollector.execute(ThrowableCollector.java:73)&#13;
	at org.junit.platform.engine.support.hierarchical.NodeTestTask.lambda$executeRecursively$8(NodeTestTask.java:141)&#13;
	at org.junit.platform.engine.support.hierarchical.Node.around(Node.java:137)&#13;
	at org.junit.platform.engine.support.hierarchical.NodeTestTask.lambda$executeRecursively$9(NodeTestTask.java:139)&#13;
	at org.junit.platform.engine.support.hierarchical.ThrowableCollector.execute(ThrowableCollector.java:73)&#13;
	at org.junit.platform.engine.support.hierarchical.NodeTestTask.executeRecursively(NodeTestTask.java:138)&#13;
	at org.junit.platform.engine.support.hierarchical.NodeTestTask.execute(NodeTestTask.java:95)&#13;
	at java.base/java.util.ArrayList.forEach(ArrayList.java:1541)&#13;
	at org.junit.platform.engine.support.hierarchical.SameThreadHierarchicalTestExecutorService.invokeAll(SameThreadHierarchicalTestExecutorService.java:41)&#13;
	at org.junit.platform.engine.support.hierarchical.NodeTestTask.lambda$executeRecursively$6(NodeTestTask.java:155)&#13;
	at org.junit.platform.engine.support.hierarchical.ThrowableCollector.execute(ThrowableCollector.java:73)&#13;
	at org.junit.platform.engine.support.hierarchical.NodeTestTask.lambda$executeRecursively$8(NodeTestTask.java:141)&#13;
	at org.junit.platform.engine.support.hierarchical.Node.around(Node.java:137)&#13;
	at org.junit.platform.engine.support.hierarchical.NodeTestTask.lambda$executeRecursively$9(NodeTestTask.java:139)&#13;
	at org.junit.platform.engine.support.hierarchical.ThrowableCollector.execute(ThrowableCollector.java:73)&#13;
	at org.junit.platform.engine.support.hierarchical.NodeTestTask.executeRecursively(NodeTestTask.java:138)&#13;
	at org.junit.platform.engine.support.hierarchical.NodeTestTask.execute(NodeTestTask.java:95)&#13;
	at java.base/java.util.ArrayList.forEach(ArrayList.java:1541)&#13;
	at org.junit.platform.engine.support.hierarchical.SameThreadHierarchicalTestExecutorService.invokeAll(SameThreadHierarchicalTestExecutorService.java:41)&#13;
	at org.junit.platform.engine.support.hierarchical.NodeTestTask.lambda$executeRecursively$6(NodeTestTask.java:155)&#13;
	at org.junit.platform.engine.support.hierarchical.ThrowableCollector.execute(ThrowableCollector.java:73)&#13;
	at org.junit.platform.engine.support.hierarchical.NodeTestTask.lambda$executeRecursively$8(NodeTestTask.java:141)&#13;
	at org.junit.platform.engine.support.hierarchical.Node.around(Node.java:137)&#13;
	at org.junit.platform.engine.support.hierarchical.NodeTestTask.lambda$executeRecursively$9(NodeTestTask.java:139)&#13;
	at org.junit.platform.engine.support.hierarchical.ThrowableCollector.execute(ThrowableCollector.java:73)&#13;
	at org.junit.platform.engine.support.hierarchical.NodeTestTask.executeRecursively(NodeTestTask.java:138)&#13;
	at org.junit.platform.engine.support.hierarchical.NodeTestTask.execute(NodeTestTask.java:95)&#13;
	at org.junit.platform.engine.support.hierarchical.SameThreadHierarchicalTestExecutorService.submit(SameThreadHierarchicalTestExecutorService.java:35)&#13;
	at org.junit.platform.engine.support.hierarchical.HierarchicalTestExecutor.execute(HierarchicalTestExecutor.java:57)&#13;
	at org.junit.platform.engine.support.hierarchical.HierarchicalTestEngine.execute(HierarchicalTestEngine.java:54)&#13;
	at org.junit.platform.launcher.core.DefaultLauncher.execute(DefaultLauncher.java:229)&#13;
	at org.junit.platform.launcher.core.DefaultLauncher.lambda$execute$6(DefaultLauncher.java:197)&#13;
	at org.junit.platform.launcher.core.DefaultLauncher.withInterceptedStreams(DefaultLauncher.java:211)&#13;
	at org.junit.platform.launcher.core.DefaultLauncher.execute(DefaultLauncher.java:191)&#13;
	at org.junit.platform.launcher.core.DefaultLauncher.execute(DefaultLauncher.java:137)&#13;
	at org.eclipse.jdt.internal.junit5.runner.JUnit5TestReference.run(JUnit5TestReference.java:89)&#13;
	at org.eclipse.jdt.internal.junit.runner.TestExecution.run(TestExecution.java:41)&#13;
	at org.eclipse.jdt.internal.junit.runner.RemoteTestRunner.runTests(RemoteTestRunner.java:541)&#13;
	at org.eclipse.jdt.internal.junit.runner.RemoteTestRunner.runTests(RemoteTestRunner.java:763)&#13;
	at org.eclipse.jdt.internal.junit.runner.RemoteTestRunner.run(RemoteTestRunner.java:463)&#13;
	at org.eclipse.jdt.internal.junit.runner.RemoteTestRunner.main(RemoteTestRunner.java:209)&#13;
&#13;

      </failure>
    </testcase>
  </testsuite>
</testrun>
